Using pre-set license
Built from '6000.0/staging' branch; Version is '6000.0.23f1 (1c4764c07fb4) revision 1853284'; Using compiler version '193933523'; Build Type 'Release'
OS: 'Windows 11  (10.0.22631) 64bit Core' Language: 'en' Physical Memory: 15791 MB
BatchMode: 1, IsHumanControllingUs: 0, StartBugReporterOnCrash: 0, Is64bit: 1, IsPro: 1

COMMAND LINE ARGUMENTS:
C:\Program Files\Unity\Hub\Editor\6000.0.23f1\Editor\Unity.exe
-adb2
-batchMode
-noUpm
-name
AssetImportWorker10
-projectPath
C:/Users/Mike/Unity/SolidPrinciples
-logFile
Logs/AssetImportWorker10.log
-srvPort
50466
-job-worker-count
7
-background-job-worker-count
8
-asset-garbage-collectors
1
Successfully changed project path to: C:/Users/Mike/Unity/SolidPrinciples
C:/Users/Mike/Unity/SolidPrinciples
[UnityMemory] Configuration Parameters - Can be set up in boot.config
    "memorysetup-bucket-allocator-granularity=16"
    "memorysetup-bucket-allocator-bucket-count=8"
    "memorysetup-bucket-allocator-block-size=33554432"
    "memorysetup-bucket-allocator-block-count=8"
    "memorysetup-main-allocator-block-size=16777216"
    "memorysetup-thread-allocator-block-size=16777216"
    "memorysetup-gfx-main-allocator-block-size=16777216"
    "memorysetup-gfx-thread-allocator-block-size=16777216"
    "memorysetup-cache-allocator-block-size=4194304"
    "memorysetup-typetree-allocator-block-size=2097152"
    "memorysetup-profiler-bucket-allocator-granularity=16"
    "memorysetup-profiler-bucket-allocator-bucket-count=8"
    "memorysetup-profiler-bucket-allocator-block-size=33554432"
    "memorysetup-profiler-bucket-allocator-block-count=8"
    "memorysetup-profiler-allocator-block-size=16777216"
    "memorysetup-profiler-editor-allocator-block-size=1048576"
    "memorysetup-temp-allocator-size-main=16777216"
    "memorysetup-job-temp-allocator-block-size=2097152"
    "memorysetup-job-temp-allocator-block-size-background=1048576"
    "memorysetup-job-temp-allocator-reduction-small-platforms=262144"
    "memorysetup-allocator-temp-initial-block-size-main=262144"
    "memorysetup-allocator-temp-initial-block-size-worker=262144"
    "memorysetup-temp-allocator-size-background-worker=32768"
    "memorysetup-temp-allocator-size-job-worker=262144"
    "memorysetup-temp-allocator-size-preload-manager=33554432"
    "memorysetup-temp-allocator-size-nav-mesh-worker=65536"
    "memorysetup-temp-allocator-size-audio-worker=65536"
    "memorysetup-temp-allocator-size-cloud-worker=32768"
    "memorysetup-temp-allocator-size-gi-baking-worker=262144"
    "memorysetup-temp-allocator-size-gi-baking-worker=262144"
    "memorysetup-temp-allocator-size-gi-baking-worker=262144"
    "memorysetup-temp-allocator-size-gi-baking-worker=262144"
    "memorysetup-temp-allocator-size-gi-baking-worker=262144"
    "memorysetup-temp-allocator-size-gfx=262144"
Player connection [23732]  Target information:

Player connection [23732]  * "[IP] 192.168.1.204 [Port] 0 [Flags] 2 [Guid] 2162231296 [EditorId] 2162231296 [Version] 1048832 [Id] WindowsEditor(7,LaptopMike) [Debug] 1 [PackageName] WindowsEditor [ProjectName] Editor" 

Player connection [23732] Host joined multi-casting on [225.0.0.222:54997]...
Player connection [23732] Host joined alternative multi-casting on [225.0.0.222:34997]...
JobSystem: Creating JobQueue using job-worker-count value 7
[Physics::Module] Initialized fallback backend.
[Physics::Module] Id: 0xdecafbad
Library Redirect Path: Library/
[Physics::Module] Selected backend.
[Physics::Module] Name: PhysX
[Physics::Module] Id: 0xf2b8ea05
[Physics::Module] SDK Version: 4.1.2
[Physics::Module] Integration Version: 1.0.0
[Physics::Module] Threading Mode: Multi-Threaded
Refreshing native plugins compatible for Editor in 6.42 ms, found 3 plugins.
Preloading 0 native plugins for Editor in 0.00 ms.
Initialize engine version: 6000.0.23f1 (1c4764c07fb4)
[Subsystems] Discovering subsystems at path C:/Program Files/Unity/Hub/Editor/6000.0.23f1/Editor/Data/Resources/UnitySubsystems
[Subsystems] Discovering subsystems at path C:/Users/Mike/Unity/SolidPrinciples/Assets
GfxDevice: creating device client; kGfxThreadingModeNonThreaded
Direct3D:
    Version:  Direct3D 11.0 [level 11.1]
    Renderer: NVIDIA GeForce RTX 3050 Laptop GPU (ID=0x25a2)
    Vendor:   NVIDIA
    VRAM:     3964 MB
    Driver:   32.0.15.6614
Initialize mono
Mono path[0] = 'C:/Program Files/Unity/Hub/Editor/6000.0.23f1/Editor/Data/Managed'
Mono path[1] = 'C:/Program Files/Unity/Hub/Editor/6000.0.23f1/Editor/Data/MonoBleedingEdge/lib/mono/unityjit-win32'
Mono config path = 'C:/Program Files/Unity/Hub/Editor/6000.0.23f1/Editor/Data/MonoBleedingEdge/etc'
Using monoOptions --debugger-agent=transport=dt_socket,embedding=1,server=y,suspend=n,address=127.0.0.1:56568
Begin MonoManager ReloadAssembly
Registering precompiled unity dll's ...
Register platform support module: C:/Program Files/Unity/Hub/Editor/6000.0.23f1/Editor/Data/PlaybackEngines/WindowsStandaloneSupport/UnityEditor.WindowsStandalone.Extensions.dll
Registered in 0.005544 seconds.
- Loaded All Assemblies, in  1.500 seconds
Native extension for WindowsStandalone target not found
Mono: successfully reloaded assembly
- Finished resetting the current domain, in  1.870 seconds
Domain Reload Profiling: 3365ms
	BeginReloadAssembly (573ms)
		ExecutionOrderSort (0ms)
		DisableScriptedObjects (0ms)
		BackupInstance (0ms)
		ReleaseScriptingObjects (0ms)
		CreateAndSetChildDomain (4ms)
	RebuildCommonClasses (113ms)
	RebuildNativeTypeToScriptingClass (27ms)
	initialDomainReloadingComplete (192ms)
	LoadAllAssembliesAndSetupDomain (588ms)
		LoadAssemblies (558ms)
		RebuildTransferFunctionScriptingTraits (0ms)
		AnalyzeDomain (579ms)
			TypeCache.Refresh (573ms)
				TypeCache.ScanAssembly (531ms)
			BuildScriptInfoCaches (1ms)
			ResolveRequiredComponents (2ms)
	FinalizeReload (1872ms)
		ReleaseScriptCaches (0ms)
		RebuildScriptCaches (0ms)
		SetupLoadedEditorAssemblies (1473ms)
			LogAssemblyErrors (0ms)
			InitializePlatformSupportModulesInManaged (107ms)
			SetLoadedEditorAssemblies (87ms)
			BeforeProcessingInitializeOnLoad (32ms)
			ProcessInitializeOnLoadAttributes (1052ms)
			ProcessInitializeOnLoadMethodAttributes (188ms)
			AfterProcessingInitializeOnLoad (7ms)
			EditorAssembliesLoaded (1ms)
		ExecutionOrderSort2 (0ms)
		AwakeInstancesAfterBackupRestoration (0ms)
========================================================================
Worker process is ready to serve import requests
Import Worker Mode flag is 0x00
Begin MonoManager ReloadAssembly
- Loaded All Assemblies, in 22.740 seconds
Refreshing native plugins compatible for Editor in 2.72 ms, found 3 plugins.
Native extension for WindowsStandalone target not found
Mono: successfully reloaded assembly
- Finished resetting the current domain, in  4.250 seconds
Domain Reload Profiling: 26977ms
	BeginReloadAssembly (1945ms)
		ExecutionOrderSort (0ms)
		DisableScriptedObjects (16ms)
		BackupInstance (0ms)
		ReleaseScriptingObjects (0ms)
		CreateAndSetChildDomain (113ms)
	RebuildCommonClasses (127ms)
	RebuildNativeTypeToScriptingClass (38ms)
	initialDomainReloadingComplete (154ms)
	LoadAllAssembliesAndSetupDomain (20457ms)
		LoadAssemblies (11758ms)
		RebuildTransferFunctionScriptingTraits (0ms)
		AnalyzeDomain (9344ms)
			TypeCache.Refresh (9098ms)
				TypeCache.ScanAssembly (9013ms)
			BuildScriptInfoCaches (197ms)
			ResolveRequiredComponents (37ms)
	FinalizeReload (4255ms)
		ReleaseScriptCaches (0ms)
		RebuildScriptCaches (0ms)
		SetupLoadedEditorAssemblies (3219ms)
			LogAssemblyErrors (0ms)
			InitializePlatformSupportModulesInManaged (6ms)
			SetLoadedEditorAssemblies (85ms)
			BeforeProcessingInitializeOnLoad (792ms)
			ProcessInitializeOnLoadAttributes (1857ms)
			ProcessInitializeOnLoadMethodAttributes (420ms)
			AfterProcessingInitializeOnLoad (57ms)
			EditorAssembliesLoaded (1ms)
		ExecutionOrderSort2 (0ms)
		AwakeInstancesAfterBackupRestoration (16ms)
Launched and connected shader compiler UnityShaderCompiler.exe after 0.04 seconds
Refreshing native plugins compatible for Editor in 3.36 ms, found 3 plugins.
Preloading 0 native plugins for Editor in 0.00 ms.
Unloading 215 Unused Serialized files (Serialized files now loaded: 0)
Unloading 5936 unused Assets / (5.7 MB). Loaded Objects now: 6724.
Memory consumption went from 189.6 MB to 183.9 MB.
Total: 94.605700 ms (FindLiveObjects: 4.017000 ms CreateObjectMapping: 5.970000 ms MarkObjects: 68.937700 ms  DeleteObjects: 15.676600 ms)

========================================================================
Received Import Request.
  Time since last request: 7716.990528 seconds.
  path: Assets/Orkassasin/Texture/1_Shoulders_Occlusion.tga
  artifactKey: Guid(09a953ba371e9ce48a4fcf63a2874472) Importer(2089858483,192608db42251d675da83286b1cce702)
Start importing Assets/Orkassasin/Texture/1_Shoulders_Occlusion.tga using Guid(09a953ba371e9ce48a4fcf63a2874472) Importer(2089858483,192608db42251d675da83286b1cce702) (ScriptedImporter) -> (artifact id: 'cfc0e8f22dfe91083a40a864ffb43621') in 1.9449926 seconds
Number of updated asset objects reloaded before import = 0Number of asset objects unloaded after import = 1

========================================================================
Received Import Request.
  Time since last request: 0.000078 seconds.
  path: Assets/Scripts/1_CompositePattern/Composite.unity
  artifactKey: Guid(99c9720ab356a0642a771bea13969a05) Importer(2089858483,3d70f49cd1c2eb9ae422958d1c652c6b)
Start importing Assets/Scripts/1_CompositePattern/Composite.unity using Guid(99c9720ab356a0642a771bea13969a05) Importer(2089858483,3d70f49cd1c2eb9ae422958d1c652c6b) (ScriptedImporter)Opening scene 'Assets/Scripts/1_CompositePattern/Composite.unity additively'
Loaded scene 'Assets/Scripts/1_CompositePattern/Composite.unity'
	Deserialize:            263.618 ms
	Integration:            1183.040 ms
	Integration of assets:  82.125 ms
	Thread Wait Time:       0.459 ms
	Total Operation Time:   1529.242 ms
 -> (artifact id: '8ce3f501949175d1fb925d9dc0af891b') in 2.4612533 seconds
Number of updated asset objects reloaded before import = 0Number of asset objects unloaded after import = 38

========================================================================
Received Import Request.
  Time since last request: 0.000119 seconds.
  path: Assets/Necromanser/Animations/Necromancer@atack1.fbx
  artifactKey: Guid(6410824e15a6c504aab3193095581c80) Importer(2089858483,192608db42251d675da83286b1cce702)
Start importing Assets/Necromanser/Animations/Necromancer@atack1.fbx using Guid(6410824e15a6c504aab3193095581c80) Importer(2089858483,192608db42251d675da83286b1cce702) (ScriptedImporter) -> (artifact id: 'f613e45133ab447dd3754496198e4723') in 0.763812 seconds
Number of updated asset objects reloaded before import = 0Number of asset objects unloaded after import = 637

========================================================================
Received Import Request.
  Time since last request: 0.000068 seconds.
  path: Assets/Crusader tank/animation/crusadershield@run.fbx
  artifactKey: Guid(cb040a5c1523d02479424a35d6d2a329) Importer(2089858483,192608db42251d675da83286b1cce702)
Start importing Assets/Crusader tank/animation/crusadershield@run.fbx using Guid(cb040a5c1523d02479424a35d6d2a329) Importer(2089858483,192608db42251d675da83286b1cce702) (ScriptedImporter) -> (artifact id: 'fecd67e2287d56a46910ab0eafdd4456') in 0.874193 seconds
Number of updated asset objects reloaded before import = 0Number of asset objects unloaded after import = 549

========================================================================
Received Import Request.
  Time since last request: 0.000151 seconds.
  path: Assets/Orkassasin/Animation/orkassasin@atack22.fbx
  artifactKey: Guid(6c055b122fb00e749901733b332b46a8) Importer(2089858483,192608db42251d675da83286b1cce702)
Start importing Assets/Orkassasin/Animation/orkassasin@atack22.fbx using Guid(6c055b122fb00e749901733b332b46a8) Importer(2089858483,192608db42251d675da83286b1cce702) (ScriptedImporter) -> (artifact id: 'ff0ab8a0de101124648652a1becc1fc8') in 1.0436326 seconds
Number of updated asset objects reloaded before import = 0Number of asset objects unloaded after import = 477

========================================================================
Received Import Request.
  Time since last request: 0.000082 seconds.
  path: Assets/Orkassasin/Texture/1_Toga_Occlusion.tga
  artifactKey: Guid(98d0bd146b48b37408cd64f0f03f95b7) Importer(2089858483,192608db42251d675da83286b1cce702)
Start importing Assets/Orkassasin/Texture/1_Toga_Occlusion.tga using Guid(98d0bd146b48b37408cd64f0f03f95b7) Importer(2089858483,192608db42251d675da83286b1cce702) (ScriptedImporter) -> (artifact id: '53d7b901bca6e8abdee2bd35d7a4a80a') in 0.1774691 seconds
Number of updated asset objects reloaded before import = 0Number of asset objects unloaded after import = 1

========================================================================
Received Import Request.
  Time since last request: 0.000083 seconds.
  path: Assets/Scripts/3_StatePattern(CharacterSelection)/Materials
  artifactKey: Guid(1b638ef752c77364ba49b5993c90d3f2) Importer(2089858483,192608db42251d675da83286b1cce702)
Start importing Assets/Scripts/3_StatePattern(CharacterSelection)/Materials using Guid(1b638ef752c77364ba49b5993c90d3f2) Importer(2089858483,192608db42251d675da83286b1cce702) (ScriptedImporter) -> (artifact id: '4bea74029c56f09067f01c18de367239') in 0.063646 seconds
Number of updated asset objects reloaded before import = 0Number of asset objects unloaded after import = 1

========================================================================
Received Import Request.
  Time since last request: 0.000057 seconds.
  path: Assets/Scripts/4_CodeQuality/Enemy.cs
  artifactKey: Guid(45a59b21bfd85864595dc275102c8994) Importer(2089858483,192608db42251d675da83286b1cce702)
Start importing Assets/Scripts/4_CodeQuality/Enemy.cs using Guid(45a59b21bfd85864595dc275102c8994) Importer(2089858483,192608db42251d675da83286b1cce702) (ScriptedImporter) -> (artifact id: '2953c4660e5e09910632af4a445fb271') in 0.0426177 seconds
Number of updated asset objects reloaded before import = 0Number of asset objects unloaded after import = 0

========================================================================
Received Import Request.
  Time since last request: 0.000075 seconds.
  path: Assets/AllSkyFree/Deep Dusk/Deep Dusk__Cam_4_Up+Y.png
  artifactKey: Guid(d6efad16563c1446d86a121dbb004300) Importer(2089858483,192608db42251d675da83286b1cce702)
Start importing Assets/AllSkyFree/Deep Dusk/Deep Dusk__Cam_4_Up+Y.png using Guid(d6efad16563c1446d86a121dbb004300) Importer(2089858483,192608db42251d675da83286b1cce702) (ScriptedImporter) -> (artifact id: '84a27f511fc7073b5bd087257da6eb9f') in 0.1559032 seconds
Number of updated asset objects reloaded before import = 0Number of asset objects unloaded after import = 1

========================================================================
Received Import Request.
  Time since last request: 0.000079 seconds.
  path: Assets/Crusader tank/stand/Stand.obj
  artifactKey: Guid(3bd6d385a1b66b14292f0d95e25f2022) Importer(2089858483,192608db42251d675da83286b1cce702)
Start importing Assets/Crusader tank/stand/Stand.obj using Guid(3bd6d385a1b66b14292f0d95e25f2022) Importer(2089858483,192608db42251d675da83286b1cce702) (ScriptedImporter) -> (artifact id: '064c0b37fbf9e6e59759b3ae3290e838') in 0.1605923 seconds
Number of updated asset objects reloaded before import = 0Number of asset objects unloaded after import = 9

========================================================================
Received Import Request.
  Time since last request: 0.000114 seconds.
  path: Assets/Orkassasin/Texture/1_dirk_Normal.tga
  artifactKey: Guid(81ecd760d0684f8489b769ad03de628d) Importer(2089858483,192608db42251d675da83286b1cce702)
Start importing Assets/Orkassasin/Texture/1_dirk_Normal.tga using Guid(81ecd760d0684f8489b769ad03de628d) Importer(2089858483,192608db42251d675da83286b1cce702) (ScriptedImporter) -> (artifact id: 'c23a9d0bc56c18d01c9878c25eb690cb') in 0.1488408 seconds
Number of updated asset objects reloaded before import = 0Number of asset objects unloaded after import = 1

========================================================================
Received Import Request.
  Time since last request: 0.000119 seconds.
  path: Assets/TextMesh Pro/Resources/TMP Settings.asset
  artifactKey: Guid(3f5b5dff67a942289a9defa416b206f3) Importer(2089858483,3d70f49cd1c2eb9ae422958d1c652c6b)
Start importing Assets/TextMesh Pro/Resources/TMP Settings.asset using Guid(3f5b5dff67a942289a9defa416b206f3) Importer(2089858483,3d70f49cd1c2eb9ae422958d1c652c6b) (ScriptedImporter) -> (artifact id: '112b8791326b1921302c9cd365c88043') in 0.1199242 seconds
Number of updated asset objects reloaded before import = 0Number of asset objects unloaded after import = 14

========================================================================
Received Import Request.
  Time since last request: 0.000105 seconds.
  path: Assets/Necromanser/Animations/Necromancer@getgit.fbx
  artifactKey: Guid(86a7dc22c5117f049900556ee27bf3f8) Importer(2089858483,192608db42251d675da83286b1cce702)
Start importing Assets/Necromanser/Animations/Necromancer@getgit.fbx using Guid(86a7dc22c5117f049900556ee27bf3f8) Importer(2089858483,192608db42251d675da83286b1cce702) (ScriptedImporter) -> (artifact id: '346facbcc1ef847da15f74acee7c246e') in 0.5844898 seconds
Number of updated asset objects reloaded before import = 0Number of asset objects unloaded after import = 1157

Editor requested this worker to shutdown with reason: balancing worker count downwards
AssetImportWorker is now disconnected from the server
Process exiting
Exiting without the bug reporter. Application will terminate with return code 0