Using pre-set license
Built from '6000.0/staging' branch; Version is '6000.0.23f1 (1c4764c07fb4) revision 1853284'; Using compiler version '193933523'; Build Type 'Release'
OS: 'Windows 11  (10.0.22631) 64bit Core' Language: 'en' Physical Memory: 15791 MB
BatchMode: 1, IsHumanControllingUs: 0, StartBugReporterOnCrash: 0, Is64bit: 1, IsPro: 1

COMMAND LINE ARGUMENTS:
C:\Program Files\Unity\Hub\Editor\6000.0.23f1\Editor\Unity.exe
-adb2
-batchMode
-noUpm
-name
AssetImportWorker13
-projectPath
C:/Users/Mike/Unity/SolidPrinciples
-logFile
Logs/AssetImportWorker13.log
-srvPort
50466
-job-worker-count
7
-background-job-worker-count
8
-asset-garbage-collectors
1
Successfully changed project path to: C:/Users/Mike/Unity/SolidPrinciples
C:/Users/Mike/Unity/SolidPrinciples
[UnityMemory] Configuration Parameters - Can be set up in boot.config
    "memorysetup-bucket-allocator-granularity=16"
    "memorysetup-bucket-allocator-bucket-count=8"
    "memorysetup-bucket-allocator-block-size=33554432"
    "memorysetup-bucket-allocator-block-count=8"
    "memorysetup-main-allocator-block-size=16777216"
    "memorysetup-thread-allocator-block-size=16777216"
    "memorysetup-gfx-main-allocator-block-size=16777216"
    "memorysetup-gfx-thread-allocator-block-size=16777216"
    "memorysetup-cache-allocator-block-size=4194304"
    "memorysetup-typetree-allocator-block-size=2097152"
    "memorysetup-profiler-bucket-allocator-granularity=16"
    "memorysetup-profiler-bucket-allocator-bucket-count=8"
    "memorysetup-profiler-bucket-allocator-block-size=33554432"
    "memorysetup-profiler-bucket-allocator-block-count=8"
    "memorysetup-profiler-allocator-block-size=16777216"
    "memorysetup-profiler-editor-allocator-block-size=1048576"
    "memorysetup-temp-allocator-size-main=16777216"
    "memorysetup-job-temp-allocator-block-size=2097152"
    "memorysetup-job-temp-allocator-block-size-background=1048576"
    "memorysetup-job-temp-allocator-reduction-small-platforms=262144"
    "memorysetup-allocator-temp-initial-block-size-main=262144"
    "memorysetup-allocator-temp-initial-block-size-worker=262144"
    "memorysetup-temp-allocator-size-background-worker=32768"
    "memorysetup-temp-allocator-size-job-worker=262144"
    "memorysetup-temp-allocator-size-preload-manager=33554432"
    "memorysetup-temp-allocator-size-nav-mesh-worker=65536"
    "memorysetup-temp-allocator-size-audio-worker=65536"
    "memorysetup-temp-allocator-size-cloud-worker=32768"
    "memorysetup-temp-allocator-size-gi-baking-worker=262144"
    "memorysetup-temp-allocator-size-gi-baking-worker=262144"
    "memorysetup-temp-allocator-size-gi-baking-worker=262144"
    "memorysetup-temp-allocator-size-gi-baking-worker=262144"
    "memorysetup-temp-allocator-size-gi-baking-worker=262144"
    "memorysetup-temp-allocator-size-gfx=262144"
Player connection [10036]  Target information:

Player connection [10036]  * "[IP] 192.168.1.204 [Port] 0 [Flags] 2 [Guid] 4265695467 [EditorId] 4265695467 [Version] 1048832 [Id] WindowsEditor(7,LaptopMike) [Debug] 1 [PackageName] WindowsEditor [ProjectName] Editor" 

Player connection [10036] Host joined multi-casting on [225.0.0.222:54997]...
Player connection [10036] Host joined alternative multi-casting on [225.0.0.222:34997]...
JobSystem: Creating JobQueue using job-worker-count value 7
[Physics::Module] Initialized fallback backend.
[Physics::Module] Id: 0xdecafbad
Library Redirect Path: Library/
[Physics::Module] Selected backend.
[Physics::Module] Name: PhysX
[Physics::Module] Id: 0xf2b8ea05
[Physics::Module] SDK Version: 4.1.2
[Physics::Module] Integration Version: 1.0.0
[Physics::Module] Threading Mode: Multi-Threaded
Refreshing native plugins compatible for Editor in 12.52 ms, found 3 plugins.
Preloading 0 native plugins for Editor in 0.00 ms.
Initialize engine version: 6000.0.23f1 (1c4764c07fb4)
[Subsystems] Discovering subsystems at path C:/Program Files/Unity/Hub/Editor/6000.0.23f1/Editor/Data/Resources/UnitySubsystems
[Subsystems] Discovering subsystems at path C:/Users/Mike/Unity/SolidPrinciples/Assets
GfxDevice: creating device client; kGfxThreadingModeNonThreaded
Direct3D:
    Version:  Direct3D 11.0 [level 11.1]
    Renderer: NVIDIA GeForce RTX 3050 Laptop GPU (ID=0x25a2)
    Vendor:   NVIDIA
    VRAM:     3964 MB
    Driver:   32.0.15.6614
Initialize mono
Mono path[0] = 'C:/Program Files/Unity/Hub/Editor/6000.0.23f1/Editor/Data/Managed'
Mono path[1] = 'C:/Program Files/Unity/Hub/Editor/6000.0.23f1/Editor/Data/MonoBleedingEdge/lib/mono/unityjit-win32'
Mono config path = 'C:/Program Files/Unity/Hub/Editor/6000.0.23f1/Editor/Data/MonoBleedingEdge/etc'
Using monoOptions --debugger-agent=transport=dt_socket,embedding=1,server=y,suspend=n,address=127.0.0.1:56528
Begin MonoManager ReloadAssembly
Registering precompiled unity dll's ...
Register platform support module: C:/Program Files/Unity/Hub/Editor/6000.0.23f1/Editor/Data/PlaybackEngines/WindowsStandaloneSupport/UnityEditor.WindowsStandalone.Extensions.dll
Registered in 0.006500 seconds.
- Loaded All Assemblies, in  1.614 seconds
Native extension for WindowsStandalone target not found
Mono: successfully reloaded assembly
- Finished resetting the current domain, in  1.797 seconds
Domain Reload Profiling: 3406ms
	BeginReloadAssembly (552ms)
		ExecutionOrderSort (0ms)
		DisableScriptedObjects (0ms)
		BackupInstance (0ms)
		ReleaseScriptingObjects (0ms)
		CreateAndSetChildDomain (3ms)
	RebuildCommonClasses (113ms)
	RebuildNativeTypeToScriptingClass (32ms)
	initialDomainReloadingComplete (202ms)
	LoadAllAssembliesAndSetupDomain (710ms)
		LoadAssemblies (527ms)
		RebuildTransferFunctionScriptingTraits (0ms)
		AnalyzeDomain (699ms)
			TypeCache.Refresh (688ms)
				TypeCache.ScanAssembly (625ms)
			BuildScriptInfoCaches (0ms)
			ResolveRequiredComponents (7ms)
	FinalizeReload (1798ms)
		ReleaseScriptCaches (0ms)
		RebuildScriptCaches (0ms)
		SetupLoadedEditorAssemblies (1505ms)
			LogAssemblyErrors (0ms)
			InitializePlatformSupportModulesInManaged (232ms)
			SetLoadedEditorAssemblies (113ms)
			BeforeProcessingInitializeOnLoad (89ms)
			ProcessInitializeOnLoadAttributes (900ms)
			ProcessInitializeOnLoadMethodAttributes (158ms)
			AfterProcessingInitializeOnLoad (12ms)
			EditorAssembliesLoaded (0ms)
		ExecutionOrderSort2 (0ms)
		AwakeInstancesAfterBackupRestoration (0ms)
========================================================================
Worker process is ready to serve import requests
Import Worker Mode flag is 0x00
Begin MonoManager ReloadAssembly
- Loaded All Assemblies, in 22.632 seconds
Refreshing native plugins compatible for Editor in 4.00 ms, found 3 plugins.
Native extension for WindowsStandalone target not found
Mono: successfully reloaded assembly
- Finished resetting the current domain, in  4.227 seconds
Domain Reload Profiling: 26837ms
	BeginReloadAssembly (1799ms)
		ExecutionOrderSort (0ms)
		DisableScriptedObjects (14ms)
		BackupInstance (0ms)
		ReleaseScriptingObjects (0ms)
		CreateAndSetChildDomain (136ms)
	RebuildCommonClasses (106ms)
	RebuildNativeTypeToScriptingClass (37ms)
	initialDomainReloadingComplete (157ms)
	LoadAllAssembliesAndSetupDomain (20509ms)
		LoadAssemblies (11723ms)
		RebuildTransferFunctionScriptingTraits (0ms)
		AnalyzeDomain (9338ms)
			TypeCache.Refresh (9099ms)
				TypeCache.ScanAssembly (9027ms)
			BuildScriptInfoCaches (202ms)
			ResolveRequiredComponents (28ms)
	FinalizeReload (4228ms)
		ReleaseScriptCaches (0ms)
		RebuildScriptCaches (0ms)
		SetupLoadedEditorAssemblies (3187ms)
			LogAssemblyErrors (0ms)
			InitializePlatformSupportModulesInManaged (6ms)
			SetLoadedEditorAssemblies (16ms)
			BeforeProcessingInitializeOnLoad (867ms)
			ProcessInitializeOnLoadAttributes (1798ms)
			ProcessInitializeOnLoadMethodAttributes (479ms)
			AfterProcessingInitializeOnLoad (21ms)
			EditorAssembliesLoaded (1ms)
		ExecutionOrderSort2 (0ms)
		AwakeInstancesAfterBackupRestoration (17ms)
Launched and connected shader compiler UnityShaderCompiler.exe after 0.05 seconds
Refreshing native plugins compatible for Editor in 42.88 ms, found 3 plugins.
Preloading 0 native plugins for Editor in 0.00 ms.
Unloading 215 Unused Serialized files (Serialized files now loaded: 0)
Unloading 5936 unused Assets / (5.0 MB). Loaded Objects now: 6724.
Memory consumption went from 189.3 MB to 184.4 MB.
Total: 40.026900 ms (FindLiveObjects: 3.504900 ms CreateObjectMapping: 3.479800 ms MarkObjects: 21.360800 ms  DeleteObjects: 11.676200 ms)

========================================================================
Received Import Request.
  Time since last request: 7718.351819 seconds.
  path: Assets/Orkassasin/Texture/1_Body_Occlusion.tga
  artifactKey: Guid(9e4c8c043c3cfa14da44bfdee75f664c) Importer(2089858483,192608db42251d675da83286b1cce702)
Start importing Assets/Orkassasin/Texture/1_Body_Occlusion.tga using Guid(9e4c8c043c3cfa14da44bfdee75f664c) Importer(2089858483,192608db42251d675da83286b1cce702) (ScriptedImporter) -> (artifact id: 'bf00ea44c9829dcaa9710557da4e8db0') in 3.8844893 seconds
Number of updated asset objects reloaded before import = 0Number of asset objects unloaded after import = 1

========================================================================
Received Import Request.
  Time since last request: 0.000128 seconds.
  path: Assets/Crusader tank/Materials/material shader/Standard_Two_Sided .shader
  artifactKey: Guid(2a10c97d637fdbc44a16b9d1f65639dd) Importer(2089858483,192608db42251d675da83286b1cce702)
Start importing Assets/Crusader tank/Materials/material shader/Standard_Two_Sided .shader using Guid(2a10c97d637fdbc44a16b9d1f65639dd) Importer(2089858483,192608db42251d675da83286b1cce702) (ScriptedImporter) -> (artifact id: '01c7fb4dd625b5c9563174329f712e3b') in 0.2886045 seconds
Number of updated asset objects reloaded before import = 0Number of asset objects unloaded after import = 1

========================================================================
Received Import Request.
  Time since last request: 0.000099 seconds.
  path: Assets/Orkassasin/Texture/1_hands_Occlusion.tga
  artifactKey: Guid(09c621be6e97f844aa449516756680f7) Importer(2089858483,192608db42251d675da83286b1cce702)
Start importing Assets/Orkassasin/Texture/1_hands_Occlusion.tga using Guid(09c621be6e97f844aa449516756680f7) Importer(2089858483,192608db42251d675da83286b1cce702) (ScriptedImporter) -> (artifact id: '573ff7e5846dc63abcd045bfb5be3956') in 0.1811809 seconds
Number of updated asset objects reloaded before import = 0Number of asset objects unloaded after import = 1

========================================================================
Received Import Request.
  Time since last request: 0.000069 seconds.
  path: Assets/Crusader tank/prefab/Crusader tank_prefab.prefab
  artifactKey: Guid(9e066cea98814aa448c70270a3c60251) Importer(2089858483,192608db42251d675da83286b1cce702)
Start importing Assets/Crusader tank/prefab/Crusader tank_prefab.prefab using Guid(9e066cea98814aa448c70270a3c60251) Importer(2089858483,192608db42251d675da83286b1cce702) (ScriptedImporter) -> (artifact id: '8897ce0f31233b35f0caa85b13ad5fb0') in 0.612617 seconds
Number of updated asset objects reloaded before import = 0Number of asset objects unloaded after import = 600

========================================================================
Received Import Request.
  Time since last request: 0.000121 seconds.
  path: Assets/Orkassasin/Animation/orkassasin@atack10.fbx
  artifactKey: Guid(ba1df4885bba0f54584ee909d9685ca7) Importer(2089858483,192608db42251d675da83286b1cce702)
Start importing Assets/Orkassasin/Animation/orkassasin@atack10.fbx using Guid(ba1df4885bba0f54584ee909d9685ca7) Importer(2089858483,192608db42251d675da83286b1cce702) (ScriptedImporter) -> (artifact id: '2fc4e58882b7bf1792aa090e0a39f183') in 0.8667252 seconds
Number of updated asset objects reloaded before import = 0Number of asset objects unloaded after import = 477

========================================================================
Received Import Request.
  Time since last request: 0.000090 seconds.
  path: Assets/Orkassasin/stand/Stand.obj
  artifactKey: Guid(0786360f291486046bbeba1321bf1124) Importer(2089858483,192608db42251d675da83286b1cce702)
Start importing Assets/Orkassasin/stand/Stand.obj using Guid(0786360f291486046bbeba1321bf1124) Importer(2089858483,192608db42251d675da83286b1cce702) (ScriptedImporter) -> (artifact id: 'fba52317b742f9799d1d99de1511f8e6') in 0.2246308 seconds
Number of updated asset objects reloaded before import = 0Number of asset objects unloaded after import = 9

========================================================================
Received Import Request.
  Time since last request: 0.000381 seconds.
  path: Assets/Orkassasin/Animation/orkassasin@walk.fbx
  artifactKey: Guid(68eb449676e288c42b50cc241009424d) Importer(2089858483,192608db42251d675da83286b1cce702)
Start importing Assets/Orkassasin/Animation/orkassasin@walk.fbx using Guid(68eb449676e288c42b50cc241009424d) Importer(2089858483,192608db42251d675da83286b1cce702) (ScriptedImporter) -> (artifact id: '72933f180dfc5b7ca18d8152f0f7ac6a') in 0.4272863 seconds
Number of updated asset objects reloaded before import = 0Number of asset objects unloaded after import = 477

========================================================================
Received Import Request.
  Time since last request: 0.000087 seconds.
  path: Assets/Scripts/3_StatePattern(CharacterSelection)/Character.cs
  artifactKey: Guid(af4db155cfc11fe4d9034f21e12691f5) Importer(2089858483,192608db42251d675da83286b1cce702)
Start importing Assets/Scripts/3_StatePattern(CharacterSelection)/Character.cs using Guid(af4db155cfc11fe4d9034f21e12691f5) Importer(2089858483,192608db42251d675da83286b1cce702) (ScriptedImporter) -> (artifact id: 'dbe549aa6808b3a0f67cc0301d9bf2b9') in 0.1239409 seconds
Number of updated asset objects reloaded before import = 0Number of asset objects unloaded after import = 0

========================================================================
Received Import Request.
  Time since last request: 0.000068 seconds.
  path: Assets/AllSkyFree/Deep Dusk/Deep DuskSettings.lighting
  artifactKey: Guid(689228fde573240fcb33862ad7a03930) Importer(2089858483,192608db42251d675da83286b1cce702)
Start importing Assets/AllSkyFree/Deep Dusk/Deep DuskSettings.lighting using Guid(689228fde573240fcb33862ad7a03930) Importer(2089858483,192608db42251d675da83286b1cce702) (ScriptedImporter)LightingSettings: switching bake backend from 1 to 2.
 -> (artifact id: 'd11a904dd5be6a5b50fa0293ea908082') in 0.1545499 seconds
Number of updated asset objects reloaded before import = 0Number of asset objects unloaded after import = 1

========================================================================
Received Import Request.
  Time since last request: 0.000075 seconds.
  path: Assets/Orkassasin/Material/hands.mat
  artifactKey: Guid(af49c6b197a39a94da8cbf16242c18f7) Importer(2089858483,192608db42251d675da83286b1cce702)
Start importing Assets/Orkassasin/Material/hands.mat using Guid(af49c6b197a39a94da8cbf16242c18f7) Importer(2089858483,192608db42251d675da83286b1cce702) (ScriptedImporter) -> (artifact id: '8a5c70703386fbe3471a60de707eb5bb') in 0.3063724 seconds
Number of updated asset objects reloaded before import = 0Number of asset objects unloaded after import = 5

========================================================================
Received Import Request.
  Time since last request: 0.000151 seconds.
  path: Assets/AllSkyFree/Deep Dusk/Deep Dusk.unity
  artifactKey: Guid(c8a48d1a6bbea47e981602e288f19742) Importer(2089858483,192608db42251d675da83286b1cce702)
Start importing Assets/AllSkyFree/Deep Dusk/Deep Dusk.unity using Guid(c8a48d1a6bbea47e981602e288f19742) Importer(2089858483,192608db42251d675da83286b1cce702) (ScriptedImporter) -> (artifact id: '80db6aff0cab44f732ce3d6bdc32a144') in 0.062278 seconds
Number of updated asset objects reloaded before import = 0Number of asset objects unloaded after import = 1

========================================================================
Received Import Request.
  Time since last request: 0.000556 seconds.
  path: Assets/Crusader tank/animation/crusadershield@side step.fbx
  artifactKey: Guid(60472d36190513047a3d0c23175b3b90) Importer(2089858483,192608db42251d675da83286b1cce702)
Start importing Assets/Crusader tank/animation/crusadershield@side step.fbx using Guid(60472d36190513047a3d0c23175b3b90) Importer(2089858483,192608db42251d675da83286b1cce702) (ScriptedImporter) -> (artifact id: 'fb85b7d2ae8a3ed4469ca2cd8d11b3c3') in 0.3142486 seconds
Number of updated asset objects reloaded before import = 0Number of asset objects unloaded after import = 549

Editor requested this worker to shutdown with reason: balancing worker count downwards
AssetImportWorker is now disconnected from the server
Process exiting
Exiting without the bug reporter. Application will terminate with return code 0