Using pre-set license
Built from '6000.0/staging' branch; Version is '6000.0.23f1 (1c4764c07fb4) revision 1853284'; Using compiler version '193933523'; Build Type 'Release'
OS: 'Windows 11  (10.0.22631) 64bit Core' Language: 'en' Physical Memory: 15791 MB
BatchMode: 1, IsHumanControllingUs: 0, StartBugReporterOnCrash: 0, Is64bit: 1, IsPro: 1

COMMAND LINE ARGUMENTS:
C:\Program Files\Unity\Hub\Editor\6000.0.23f1\Editor\Unity.exe
-adb2
-batchMode
-noUpm
-name
AssetImportWorker11
-projectPath
C:/Users/Mike/Unity/SolidPrinciples
-logFile
Logs/AssetImportWorker11.log
-srvPort
50466
-job-worker-count
7
-background-job-worker-count
8
-asset-garbage-collectors
1
Successfully changed project path to: C:/Users/Mike/Unity/SolidPrinciples
C:/Users/Mike/Unity/SolidPrinciples
[UnityMemory] Configuration Parameters - Can be set up in boot.config
    "memorysetup-bucket-allocator-granularity=16"
    "memorysetup-bucket-allocator-bucket-count=8"
    "memorysetup-bucket-allocator-block-size=33554432"
    "memorysetup-bucket-allocator-block-count=8"
    "memorysetup-main-allocator-block-size=16777216"
    "memorysetup-thread-allocator-block-size=16777216"
    "memorysetup-gfx-main-allocator-block-size=16777216"
    "memorysetup-gfx-thread-allocator-block-size=16777216"
    "memorysetup-cache-allocator-block-size=4194304"
    "memorysetup-typetree-allocator-block-size=2097152"
    "memorysetup-profiler-bucket-allocator-granularity=16"
    "memorysetup-profiler-bucket-allocator-bucket-count=8"
    "memorysetup-profiler-bucket-allocator-block-size=33554432"
    "memorysetup-profiler-bucket-allocator-block-count=8"
    "memorysetup-profiler-allocator-block-size=16777216"
    "memorysetup-profiler-editor-allocator-block-size=1048576"
    "memorysetup-temp-allocator-size-main=16777216"
    "memorysetup-job-temp-allocator-block-size=2097152"
    "memorysetup-job-temp-allocator-block-size-background=1048576"
    "memorysetup-job-temp-allocator-reduction-small-platforms=262144"
    "memorysetup-allocator-temp-initial-block-size-main=262144"
    "memorysetup-allocator-temp-initial-block-size-worker=262144"
    "memorysetup-temp-allocator-size-background-worker=32768"
    "memorysetup-temp-allocator-size-job-worker=262144"
    "memorysetup-temp-allocator-size-preload-manager=33554432"
    "memorysetup-temp-allocator-size-nav-mesh-worker=65536"
    "memorysetup-temp-allocator-size-audio-worker=65536"
    "memorysetup-temp-allocator-size-cloud-worker=32768"
    "memorysetup-temp-allocator-size-gi-baking-worker=262144"
    "memorysetup-temp-allocator-size-gi-baking-worker=262144"
    "memorysetup-temp-allocator-size-gi-baking-worker=262144"
    "memorysetup-temp-allocator-size-gi-baking-worker=262144"
    "memorysetup-temp-allocator-size-gi-baking-worker=262144"
    "memorysetup-temp-allocator-size-gfx=262144"
Player connection [8240]  Target information:

Player connection [8240]  * "[IP] 192.168.1.204 [Port] 0 [Flags] 2 [Guid] 127735786 [EditorId] 127735786 [Version] 1048832 [Id] WindowsEditor(7,LaptopMike) [Debug] 1 [PackageName] WindowsEditor [ProjectName] Editor" 

Player connection [8240] Host joined multi-casting on [225.0.0.222:54997]...
Player connection [8240] Host joined alternative multi-casting on [225.0.0.222:34997]...
JobSystem: Creating JobQueue using job-worker-count value 7
[Physics::Module] Initialized fallback backend.
[Physics::Module] Id: 0xdecafbad
Library Redirect Path: Library/
[Physics::Module] Selected backend.
[Physics::Module] Name: PhysX
[Physics::Module] Id: 0xf2b8ea05
[Physics::Module] SDK Version: 4.1.2
[Physics::Module] Integration Version: 1.0.0
[Physics::Module] Threading Mode: Multi-Threaded
Refreshing native plugins compatible for Editor in 16.25 ms, found 3 plugins.
Preloading 0 native plugins for Editor in 0.00 ms.
Initialize engine version: 6000.0.23f1 (1c4764c07fb4)
[Subsystems] Discovering subsystems at path C:/Program Files/Unity/Hub/Editor/6000.0.23f1/Editor/Data/Resources/UnitySubsystems
[Subsystems] Discovering subsystems at path C:/Users/Mike/Unity/SolidPrinciples/Assets
GfxDevice: creating device client; kGfxThreadingModeNonThreaded
Direct3D:
    Version:  Direct3D 11.0 [level 11.1]
    Renderer: NVIDIA GeForce RTX 3050 Laptop GPU (ID=0x25a2)
    Vendor:   NVIDIA
    VRAM:     3964 MB
    Driver:   32.0.15.6614
Initialize mono
Mono path[0] = 'C:/Program Files/Unity/Hub/Editor/6000.0.23f1/Editor/Data/Managed'
Mono path[1] = 'C:/Program Files/Unity/Hub/Editor/6000.0.23f1/Editor/Data/MonoBleedingEdge/lib/mono/unityjit-win32'
Mono config path = 'C:/Program Files/Unity/Hub/Editor/6000.0.23f1/Editor/Data/MonoBleedingEdge/etc'
Using monoOptions --debugger-agent=transport=dt_socket,embedding=1,server=y,suspend=n,address=127.0.0.1:56980
Begin MonoManager ReloadAssembly
Registering precompiled unity dll's ...
Register platform support module: C:/Program Files/Unity/Hub/Editor/6000.0.23f1/Editor/Data/PlaybackEngines/WindowsStandaloneSupport/UnityEditor.WindowsStandalone.Extensions.dll
Registered in 0.006901 seconds.
- Loaded All Assemblies, in  1.392 seconds
Native extension for WindowsStandalone target not found
Mono: successfully reloaded assembly
- Finished resetting the current domain, in  1.437 seconds
Domain Reload Profiling: 2823ms
	BeginReloadAssembly (557ms)
		ExecutionOrderSort (0ms)
		DisableScriptedObjects (0ms)
		BackupInstance (0ms)
		ReleaseScriptingObjects (0ms)
		CreateAndSetChildDomain (2ms)
	RebuildCommonClasses (106ms)
	RebuildNativeTypeToScriptingClass (27ms)
	initialDomainReloadingComplete (163ms)
	LoadAllAssembliesAndSetupDomain (532ms)
		LoadAssemblies (545ms)
		RebuildTransferFunctionScriptingTraits (0ms)
		AnalyzeDomain (522ms)
			TypeCache.Refresh (518ms)
				TypeCache.ScanAssembly (441ms)
			BuildScriptInfoCaches (0ms)
			ResolveRequiredComponents (1ms)
	FinalizeReload (1438ms)
		ReleaseScriptCaches (0ms)
		RebuildScriptCaches (0ms)
		SetupLoadedEditorAssemblies (1214ms)
			LogAssemblyErrors (0ms)
			InitializePlatformSupportModulesInManaged (222ms)
			SetLoadedEditorAssemblies (17ms)
			BeforeProcessingInitializeOnLoad (28ms)
			ProcessInitializeOnLoadAttributes (733ms)
			ProcessInitializeOnLoadMethodAttributes (200ms)
			AfterProcessingInitializeOnLoad (13ms)
			EditorAssembliesLoaded (0ms)
		ExecutionOrderSort2 (0ms)
		AwakeInstancesAfterBackupRestoration (0ms)
========================================================================
Worker process is ready to serve import requests
Import Worker Mode flag is 0x00
Begin MonoManager ReloadAssembly
- Loaded All Assemblies, in 23.273 seconds
Refreshing native plugins compatible for Editor in 3.21 ms, found 3 plugins.
Native extension for WindowsStandalone target not found
Mono: successfully reloaded assembly
- Finished resetting the current domain, in  3.800 seconds
Domain Reload Profiling: 27065ms
	BeginReloadAssembly (2328ms)
		ExecutionOrderSort (0ms)
		DisableScriptedObjects (33ms)
		BackupInstance (0ms)
		ReleaseScriptingObjects (0ms)
		CreateAndSetChildDomain (127ms)
	RebuildCommonClasses (136ms)
	RebuildNativeTypeToScriptingClass (25ms)
	initialDomainReloadingComplete (137ms)
	LoadAllAssembliesAndSetupDomain (20637ms)
		LoadAssemblies (11730ms)
		RebuildTransferFunctionScriptingTraits (0ms)
		AnalyzeDomain (9423ms)
			TypeCache.Refresh (9185ms)
				TypeCache.ScanAssembly (9097ms)
			BuildScriptInfoCaches (197ms)
			ResolveRequiredComponents (34ms)
	FinalizeReload (3801ms)
		ReleaseScriptCaches (0ms)
		RebuildScriptCaches (0ms)
		SetupLoadedEditorAssemblies (2770ms)
			LogAssemblyErrors (0ms)
			InitializePlatformSupportModulesInManaged (14ms)
			SetLoadedEditorAssemblies (11ms)
			BeforeProcessingInitializeOnLoad (851ms)
			ProcessInitializeOnLoadAttributes (1626ms)
			ProcessInitializeOnLoadMethodAttributes (237ms)
			AfterProcessingInitializeOnLoad (30ms)
			EditorAssembliesLoaded (1ms)
		ExecutionOrderSort2 (0ms)
		AwakeInstancesAfterBackupRestoration (16ms)
Launched and connected shader compiler UnityShaderCompiler.exe after 0.05 seconds
Refreshing native plugins compatible for Editor in 11.58 ms, found 3 plugins.
Preloading 0 native plugins for Editor in 0.00 ms.
Unloading 215 Unused Serialized files (Serialized files now loaded: 0)
Unloading 5936 unused Assets / (5.2 MB). Loaded Objects now: 6724.
Memory consumption went from 185.3 MB to 180.2 MB.
Total: 52.696700 ms (FindLiveObjects: 3.745500 ms CreateObjectMapping: 5.445700 ms MarkObjects: 24.237400 ms  DeleteObjects: 19.257000 ms)

========================================================================
Received Import Request.
  Time since last request: 7714.473053 seconds.
  path: Assets/Scripts/3_StatePattern(CharacterSelection)/UI
  artifactKey: Guid(40088fcd8875e7841907bd543601379a) Importer(2089858483,192608db42251d675da83286b1cce702)
Start importing Assets/Scripts/3_StatePattern(CharacterSelection)/UI using Guid(40088fcd8875e7841907bd543601379a) Importer(2089858483,192608db42251d675da83286b1cce702) (ScriptedImporter) -> (artifact id: '745da0e3b2a63ae7090bb2f2121a62bf') in 0.6936667 seconds
Number of updated asset objects reloaded before import = 0Number of asset objects unloaded after import = 1

========================================================================
Received Import Request.
  Time since last request: 0.000097 seconds.
  path: Assets/Orkassasin/Material/Standard_Two_Sided .shader
  artifactKey: Guid(f69faceb9562541449596a6dd73f1316) Importer(2089858483,192608db42251d675da83286b1cce702)
Start importing Assets/Orkassasin/Material/Standard_Two_Sided .shader using Guid(f69faceb9562541449596a6dd73f1316) Importer(2089858483,192608db42251d675da83286b1cce702) (ScriptedImporter) -> (artifact id: '077ccd23349e137f2ce4aedefd29f61b') in 0.147374 seconds
Number of updated asset objects reloaded before import = 0Number of asset objects unloaded after import = 1

========================================================================
Received Import Request.
  Time since last request: 0.000088 seconds.
  path: Assets/Orkassasin/Animation/orkassasin@atack9.fbx
  artifactKey: Guid(6b829d02586311343a9144eeaf7a19cc) Importer(2089858483,192608db42251d675da83286b1cce702)
Start importing Assets/Orkassasin/Animation/orkassasin@atack9.fbx using Guid(6b829d02586311343a9144eeaf7a19cc) Importer(2089858483,192608db42251d675da83286b1cce702) (ScriptedImporter) -> (artifact id: 'dd0a41ab822bbe7321a6ef6fb8935d3c') in 0.5145794 seconds
Number of updated asset objects reloaded before import = 0Number of asset objects unloaded after import = 477

========================================================================
Received Import Request.
  Time since last request: 0.000058 seconds.
  path: Assets/Orkassasin/Animation/orkassasin@dodge.fbx
  artifactKey: Guid(cdfbee1221c942940b66f88fefb724b7) Importer(2089858483,192608db42251d675da83286b1cce702)
Start importing Assets/Orkassasin/Animation/orkassasin@dodge.fbx using Guid(cdfbee1221c942940b66f88fefb724b7) Importer(2089858483,192608db42251d675da83286b1cce702) (ScriptedImporter) -> (artifact id: '4a206e2972dd8723a9e6da3c68f73e3c') in 0.2929107 seconds
Number of updated asset objects reloaded before import = 0Number of asset objects unloaded after import = 477

========================================================================
Received Import Request.
  Time since last request: 0.000138 seconds.
  path: Assets/Orkassasin/prefab
  artifactKey: Guid(abfec29087aa3b44090859092d8981f3) Importer(2089858483,192608db42251d675da83286b1cce702)
Start importing Assets/Orkassasin/prefab using Guid(abfec29087aa3b44090859092d8981f3) Importer(2089858483,192608db42251d675da83286b1cce702) (ScriptedImporter) -> (artifact id: '2ac068cbea98c5b35fe31f506d790244') in 0.0431788 seconds
Number of updated asset objects reloaded before import = 0Number of asset objects unloaded after import = 1

========================================================================
Received Import Request.
  Time since last request: 0.000215 seconds.
  path: Assets/Scripts/2_ObserverPattern
  artifactKey: Guid(54a6c86fdd0b1d844a5cf7a8cfce4b19) Importer(2089858483,192608db42251d675da83286b1cce702)
Start importing Assets/Scripts/2_ObserverPattern using Guid(54a6c86fdd0b1d844a5cf7a8cfce4b19) Importer(2089858483,192608db42251d675da83286b1cce702) (ScriptedImporter) -> (artifact id: '2f90d0b635c860bea803da9d4c5bbbec') in 0.0520351 seconds
Number of updated asset objects reloaded before import = 0Number of asset objects unloaded after import = 1

========================================================================
Received Import Request.
  Time since last request: 0.000080 seconds.
  path: Assets/Necromanser/Texture
  artifactKey: Guid(640740639d64e424dba8bb6a153caed6) Importer(2089858483,192608db42251d675da83286b1cce702)
Start importing Assets/Necromanser/Texture using Guid(640740639d64e424dba8bb6a153caed6) Importer(2089858483,192608db42251d675da83286b1cce702) (ScriptedImporter) -> (artifact id: '3224b7b5a14fe19b1dfab6c14e1fe383') in 0.047152 seconds
Number of updated asset objects reloaded before import = 0Number of asset objects unloaded after import = 1

========================================================================
Received Import Request.
  Time since last request: 0.000106 seconds.
  path: Assets/Orkassasin/orkAssasin.unity
  artifactKey: Guid(1f073b151abae50469a2a6ae49261715) Importer(2089858483,192608db42251d675da83286b1cce702)
Start importing Assets/Orkassasin/orkAssasin.unity using Guid(1f073b151abae50469a2a6ae49261715) Importer(2089858483,192608db42251d675da83286b1cce702) (ScriptedImporter) -> (artifact id: '80ad021f072530076bce1b372d839695') in 0.0721734 seconds
Number of updated asset objects reloaded before import = 0Number of asset objects unloaded after import = 1

========================================================================
Received Import Request.
  Time since last request: 0.000056 seconds.
  path: Assets/Scripts/3_StatePattern(CharacterSelection)/States/ToCandidateState.cs
  artifactKey: Guid(bf5ba36031728b64ea31885654269570) Importer(2089858483,192608db42251d675da83286b1cce702)
Start importing Assets/Scripts/3_StatePattern(CharacterSelection)/States/ToCandidateState.cs using Guid(bf5ba36031728b64ea31885654269570) Importer(2089858483,192608db42251d675da83286b1cce702) (ScriptedImporter) -> (artifact id: '77d3110c2977033fc33b45b0f94bc165') in 0.0460947 seconds
Number of updated asset objects reloaded before import = 0Number of asset objects unloaded after import = 0

========================================================================
Received Import Request.
  Time since last request: 0.000084 seconds.
  path: Assets/Orkassasin/Animation/orkassasin@atack26.fbx
  artifactKey: Guid(6b733f7ec4d900a409a429fb10a929d7) Importer(2089858483,192608db42251d675da83286b1cce702)
Start importing Assets/Orkassasin/Animation/orkassasin@atack26.fbx using Guid(6b733f7ec4d900a409a429fb10a929d7) Importer(2089858483,192608db42251d675da83286b1cce702) (ScriptedImporter) -> (artifact id: '4a7d5f9106b067c65f18aa2eb347e3cf') in 0.310534 seconds
Number of updated asset objects reloaded before import = 0Number of asset objects unloaded after import = 477

========================================================================
Received Import Request.
  Time since last request: 0.000121 seconds.
  path: Assets/Necromanser/Animations/Necromancer@wound.fbx
  artifactKey: Guid(f33bbe773dfef574ca8348f2444dab9a) Importer(2089858483,192608db42251d675da83286b1cce702)
Start importing Assets/Necromanser/Animations/Necromancer@wound.fbx using Guid(f33bbe773dfef574ca8348f2444dab9a) Importer(2089858483,192608db42251d675da83286b1cce702) (ScriptedImporter) -> (artifact id: 'c1df9d815863a8fb63be9c9546b5d06c') in 1.4971742 seconds
Number of updated asset objects reloaded before import = 0Number of asset objects unloaded after import = 1157

========================================================================
Received Import Request.
  Time since last request: 0.000123 seconds.
  path: Assets/Necromanser/Animations/Necromancer@idle2.fbx
  artifactKey: Guid(a5ce76e500f4f5d47a66db73a0ce0210) Importer(2089858483,192608db42251d675da83286b1cce702)
Start importing Assets/Necromanser/Animations/Necromancer@idle2.fbx using Guid(a5ce76e500f4f5d47a66db73a0ce0210) Importer(2089858483,192608db42251d675da83286b1cce702) (ScriptedImporter) -> (artifact id: 'f358b53152c8dfdaace026ede98e462c') in 0.8472158 seconds
Number of updated asset objects reloaded before import = 0Number of asset objects unloaded after import = 1157

========================================================================
Received Import Request.
  Time since last request: 0.000090 seconds.
  path: Assets/Orkassasin/Texture/1_Leggs_Albedo.tga
  artifactKey: Guid(fc360aad98a3a5a428191be207a9b0e5) Importer(2089858483,192608db42251d675da83286b1cce702)
Start importing Assets/Orkassasin/Texture/1_Leggs_Albedo.tga using Guid(fc360aad98a3a5a428191be207a9b0e5) Importer(2089858483,192608db42251d675da83286b1cce702) (ScriptedImporter) -> (artifact id: 'b1dac4c4f46d58a1b96397495179c210') in 0.3786061 seconds
Number of updated asset objects reloaded before import = 0Number of asset objects unloaded after import = 1

========================================================================
Received Import Request.
  Time since last request: 0.000092 seconds.
  path: Assets/Orkassasin/Animation/orkassasin@idle5.fbx
  artifactKey: Guid(ec2fd955b0e02e8499b43e6e984920a1) Importer(2089858483,192608db42251d675da83286b1cce702)
Start importing Assets/Orkassasin/Animation/orkassasin@idle5.fbx using Guid(ec2fd955b0e02e8499b43e6e984920a1) Importer(2089858483,192608db42251d675da83286b1cce702) (ScriptedImporter) -> (artifact id: 'a82dc6093ffe67bb62ba0267827ca3a1') in 0.2988665 seconds
Number of updated asset objects reloaded before import = 0Number of asset objects unloaded after import = 477

========================================================================
Received Import Request.
  Time since last request: 0.000065 seconds.
  path: Assets/Crusader tank/animation/Materials/lambert2.mat
  artifactKey: Guid(6b8576482fd1e9a4199a5424c6234a34) Importer(2089858483,192608db42251d675da83286b1cce702)
Start importing Assets/Crusader tank/animation/Materials/lambert2.mat using Guid(6b8576482fd1e9a4199a5424c6234a34) Importer(2089858483,192608db42251d675da83286b1cce702) (ScriptedImporter) -> (artifact id: '51a68fe7d32fd5777b265bd6f6972bc5') in 0.1038197 seconds
Number of updated asset objects reloaded before import = 0Number of asset objects unloaded after import = 1

========================================================================
Received Import Request.
  Time since last request: 0.000125 seconds.
  path: Assets/Orkassasin/Material/head.mat
  artifactKey: Guid(442b4931cb3877144a6a8d901c4860f7) Importer(2089858483,192608db42251d675da83286b1cce702)
Start importing Assets/Orkassasin/Material/head.mat using Guid(442b4931cb3877144a6a8d901c4860f7) Importer(2089858483,192608db42251d675da83286b1cce702) (ScriptedImporter) -> (artifact id: '99901baba1ac493cb1fa17f78577150c') in 0.2488508 seconds
Number of updated asset objects reloaded before import = 0Number of asset objects unloaded after import = 6

========================================================================
Received Import Request.
  Time since last request: 0.000075 seconds.
  path: Assets/Necromanser/Animations/Necromancer@jump.fbx
  artifactKey: Guid(e392370d8d5044d41bd74782d760a557) Importer(2089858483,192608db42251d675da83286b1cce702)
Start importing Assets/Necromanser/Animations/Necromancer@jump.fbx using Guid(e392370d8d5044d41bd74782d760a557) Importer(2089858483,192608db42251d675da83286b1cce702) (ScriptedImporter) -> (artifact id: 'dca1ad062ae196627704e7047fb549c8') in 0.9107904 seconds
Number of updated asset objects reloaded before import = 0Number of asset objects unloaded after import = 1157

========================================================================
Received Import Request.
  Time since last request: 0.000208 seconds.
  path: Assets/Crusader tank/animation/crusadershield@death.fbx
  artifactKey: Guid(c9db4203785a7e243a40f72bb7601039) Importer(2089858483,192608db42251d675da83286b1cce702)
Start importing Assets/Crusader tank/animation/crusadershield@death.fbx using Guid(c9db4203785a7e243a40f72bb7601039) Importer(2089858483,192608db42251d675da83286b1cce702) (ScriptedImporter) -> (artifact id: '08302a0f41418fa6a47c07e26ea05c40') in 0.3084974 seconds
Number of updated asset objects reloaded before import = 0Number of asset objects unloaded after import = 549

========================================================================
Received Import Request.
  Time since last request: 0.000102 seconds.
  path: Assets/Scripts/1_CompositePattern/ArmorVisualizer.cs
  artifactKey: Guid(4c661f12fd99eec4a84a4d87a306e9c4) Importer(2089858483,192608db42251d675da83286b1cce702)
Start importing Assets/Scripts/1_CompositePattern/ArmorVisualizer.cs using Guid(4c661f12fd99eec4a84a4d87a306e9c4) Importer(2089858483,192608db42251d675da83286b1cce702) (ScriptedImporter) -> (artifact id: '2a2641c3b1f706c1a6443a8ba5c3d9c1') in 0.0820494 seconds
Number of updated asset objects reloaded before import = 0Number of asset objects unloaded after import = 0

========================================================================
Received Import Request.
  Time since last request: 0.000093 seconds.
  path: Assets/Orkassasin/Animation/orkassasin@atack8.fbx
  artifactKey: Guid(bc8c5404c00f19a4a883b859216a0bb1) Importer(2089858483,192608db42251d675da83286b1cce702)
Start importing Assets/Orkassasin/Animation/orkassasin@atack8.fbx using Guid(bc8c5404c00f19a4a883b859216a0bb1) Importer(2089858483,192608db42251d675da83286b1cce702) (ScriptedImporter) -> (artifact id: '1c4490a3f2024efe5da3535e0283673f') in 0.5358818 seconds
Number of updated asset objects reloaded before import = 0Number of asset objects unloaded after import = 477

========================================================================
Received Import Request.
  Time since last request: 0.000076 seconds.
  path: Assets/Orkassasin/Texture/1_Toga_Metallic.tga
  artifactKey: Guid(99b78ad9cd90a9e4fa6e54f453d289a5) Importer(2089858483,192608db42251d675da83286b1cce702)
Start importing Assets/Orkassasin/Texture/1_Toga_Metallic.tga using Guid(99b78ad9cd90a9e4fa6e54f453d289a5) Importer(2089858483,192608db42251d675da83286b1cce702) (ScriptedImporter) -> (artifact id: '4cfc6ec8bbda874655a1d04e6829ccb8') in 0.1386212 seconds
Number of updated asset objects reloaded before import = 0Number of asset objects unloaded after import = 1

========================================================================
Received Import Request.
  Time since last request: 0.000091 seconds.
  path: Assets/Crusader tank/Materials/material shader
  artifactKey: Guid(a67865bdad2e7734483bb00615134f3d) Importer(2089858483,192608db42251d675da83286b1cce702)
Start importing Assets/Crusader tank/Materials/material shader using Guid(a67865bdad2e7734483bb00615134f3d) Importer(2089858483,192608db42251d675da83286b1cce702) (ScriptedImporter) -> (artifact id: '39ab5f9214830aea8a3ef1064eccadd2') in 0.0628878 seconds
Number of updated asset objects reloaded before import = 0Number of asset objects unloaded after import = 1

========================================================================
Received Import Request.
  Time since last request: 0.000156 seconds.
  path: Assets/Orkassasin/Texture/1_Body_Metallic.tga
  artifactKey: Guid(b5ab2d40d702c9c42937887bc7d2b3d9) Importer(2089858483,192608db42251d675da83286b1cce702)
Start importing Assets/Orkassasin/Texture/1_Body_Metallic.tga using Guid(b5ab2d40d702c9c42937887bc7d2b3d9) Importer(2089858483,192608db42251d675da83286b1cce702) (ScriptedImporter) -> (artifact id: '0d110bfd8550aaf6993bf7d6e1f7afad') in 0.2645789 seconds
Number of updated asset objects reloaded before import = 0Number of asset objects unloaded after import = 1

========================================================================
Received Import Request.
  Time since last request: 0.006043 seconds.
  path: Assets/Scripts/3_StatePattern(CharacterSelection)/StateScene.unity
  artifactKey: Guid(0c132542d2efbad40bcb848b18020534) Importer(2089858483,3d70f49cd1c2eb9ae422958d1c652c6b)
Start importing Assets/Scripts/3_StatePattern(CharacterSelection)/StateScene.unity using Guid(0c132542d2efbad40bcb848b18020534) Importer(2089858483,3d70f49cd1c2eb9ae422958d1c652c6b) (ScriptedImporter)Opening scene 'Assets/Scripts/3_StatePattern(CharacterSelection)/StateScene.unity additively'
Loaded scene 'Assets/Scripts/3_StatePattern(CharacterSelection)/StateScene.unity'
	Deserialize:            118.712 ms
	Integration:            1168.782 ms
	Integration of assets:  6.041 ms
	Thread Wait Time:       1.235 ms
	Total Operation Time:   1294.769 ms
 -> (artifact id: '845a87e646de3eedc974c01c94377ef0') in 2.762697 seconds
Number of updated asset objects reloaded before import = 0Number of asset objects unloaded after import = 2457

Editor requested this worker to shutdown with reason: balancing worker count downwards
AssetImportWorker is now disconnected from the server
Process exiting
Exiting without the bug reporter. Application will terminate with return code 0