Using pre-set license
Built from '6000.0/staging' branch; Version is '6000.0.23f1 (1c4764c07fb4) revision 1853284'; Using compiler version '193933523'; Build Type 'Release'
OS: 'Windows 11  (10.0.22631) 64bit Core' Language: 'en' Physical Memory: 15791 MB
BatchMode: 1, IsHumanControllingUs: 0, StartBugReporterOnCrash: 0, Is64bit: 1, IsPro: 1

COMMAND LINE ARGUMENTS:
C:\Program Files\Unity\Hub\Editor\6000.0.23f1\Editor\Unity.exe
-adb2
-batchMode
-noUpm
-name
AssetImportWorker7
-projectPath
C:/Users/Mike/Unity/SolidPrinciples
-logFile
Logs/AssetImportWorker7.log
-srvPort
50466
-job-worker-count
7
-background-job-worker-count
8
-asset-garbage-collectors
1
Successfully changed project path to: C:/Users/Mike/Unity/SolidPrinciples
C:/Users/Mike/Unity/SolidPrinciples
[UnityMemory] Configuration Parameters - Can be set up in boot.config
    "memorysetup-bucket-allocator-granularity=16"
    "memorysetup-bucket-allocator-bucket-count=8"
    "memorysetup-bucket-allocator-block-size=33554432"
    "memorysetup-bucket-allocator-block-count=8"
    "memorysetup-main-allocator-block-size=16777216"
    "memorysetup-thread-allocator-block-size=16777216"
    "memorysetup-gfx-main-allocator-block-size=16777216"
    "memorysetup-gfx-thread-allocator-block-size=16777216"
    "memorysetup-cache-allocator-block-size=4194304"
    "memorysetup-typetree-allocator-block-size=2097152"
    "memorysetup-profiler-bucket-allocator-granularity=16"
    "memorysetup-profiler-bucket-allocator-bucket-count=8"
    "memorysetup-profiler-bucket-allocator-block-size=33554432"
    "memorysetup-profiler-bucket-allocator-block-count=8"
    "memorysetup-profiler-allocator-block-size=16777216"
    "memorysetup-profiler-editor-allocator-block-size=1048576"
    "memorysetup-temp-allocator-size-main=16777216"
    "memorysetup-job-temp-allocator-block-size=2097152"
    "memorysetup-job-temp-allocator-block-size-background=1048576"
    "memorysetup-job-temp-allocator-reduction-small-platforms=262144"
    "memorysetup-allocator-temp-initial-block-size-main=262144"
    "memorysetup-allocator-temp-initial-block-size-worker=262144"
    "memorysetup-temp-allocator-size-background-worker=32768"
    "memorysetup-temp-allocator-size-job-worker=262144"
    "memorysetup-temp-allocator-size-preload-manager=33554432"
    "memorysetup-temp-allocator-size-nav-mesh-worker=65536"
    "memorysetup-temp-allocator-size-audio-worker=65536"
    "memorysetup-temp-allocator-size-cloud-worker=32768"
    "memorysetup-temp-allocator-size-gi-baking-worker=262144"
    "memorysetup-temp-allocator-size-gi-baking-worker=262144"
    "memorysetup-temp-allocator-size-gi-baking-worker=262144"
    "memorysetup-temp-allocator-size-gi-baking-worker=262144"
    "memorysetup-temp-allocator-size-gi-baking-worker=262144"
    "memorysetup-temp-allocator-size-gfx=262144"
Player connection [24720]  Target information:

Player connection [24720]  * "[IP] 192.168.1.204 [Port] 0 [Flags] 2 [Guid] 1242641497 [EditorId] 1242641497 [Version] 1048832 [Id] WindowsEditor(7,LaptopMike) [Debug] 1 [PackageName] WindowsEditor [ProjectName] Editor" 

Player connection [24720] Host joined multi-casting on [225.0.0.222:54997]...
Player connection [24720] Host joined alternative multi-casting on [225.0.0.222:34997]...
JobSystem: Creating JobQueue using job-worker-count value 7
[Physics::Module] Initialized fallback backend.
[Physics::Module] Id: 0xdecafbad
Library Redirect Path: Library/
[Physics::Module] Selected backend.
[Physics::Module] Name: PhysX
[Physics::Module] Id: 0xf2b8ea05
[Physics::Module] SDK Version: 4.1.2
[Physics::Module] Integration Version: 1.0.0
[Physics::Module] Threading Mode: Multi-Threaded
Refreshing native plugins compatible for Editor in 7.69 ms, found 3 plugins.
Preloading 0 native plugins for Editor in 0.00 ms.
Initialize engine version: 6000.0.23f1 (1c4764c07fb4)
[Subsystems] Discovering subsystems at path C:/Program Files/Unity/Hub/Editor/6000.0.23f1/Editor/Data/Resources/UnitySubsystems
[Subsystems] Discovering subsystems at path C:/Users/Mike/Unity/SolidPrinciples/Assets
GfxDevice: creating device client; kGfxThreadingModeNonThreaded
Direct3D:
    Version:  Direct3D 11.0 [level 11.1]
    Renderer: NVIDIA GeForce RTX 3050 Laptop GPU (ID=0x25a2)
    Vendor:   NVIDIA
    VRAM:     3964 MB
    Driver:   32.0.15.6614
Initialize mono
Mono path[0] = 'C:/Program Files/Unity/Hub/Editor/6000.0.23f1/Editor/Data/Managed'
Mono path[1] = 'C:/Program Files/Unity/Hub/Editor/6000.0.23f1/Editor/Data/MonoBleedingEdge/lib/mono/unityjit-win32'
Mono config path = 'C:/Program Files/Unity/Hub/Editor/6000.0.23f1/Editor/Data/MonoBleedingEdge/etc'
Using monoOptions --debugger-agent=transport=dt_socket,embedding=1,server=y,suspend=n,address=127.0.0.1:56592
Begin MonoManager ReloadAssembly
Registering precompiled unity dll's ...
Register platform support module: C:/Program Files/Unity/Hub/Editor/6000.0.23f1/Editor/Data/PlaybackEngines/WindowsStandaloneSupport/UnityEditor.WindowsStandalone.Extensions.dll
Registered in 0.010248 seconds.
- Loaded All Assemblies, in  1.455 seconds
Native extension for WindowsStandalone target not found
Mono: successfully reloaded assembly
- Finished resetting the current domain, in  1.727 seconds
Domain Reload Profiling: 3175ms
	BeginReloadAssembly (616ms)
		ExecutionOrderSort (0ms)
		DisableScriptedObjects (0ms)
		BackupInstance (0ms)
		ReleaseScriptingObjects (0ms)
		CreateAndSetChildDomain (2ms)
	RebuildCommonClasses (103ms)
	RebuildNativeTypeToScriptingClass (25ms)
	initialDomainReloadingComplete (151ms)
	LoadAllAssembliesAndSetupDomain (550ms)
		LoadAssemblies (604ms)
		RebuildTransferFunctionScriptingTraits (0ms)
		AnalyzeDomain (541ms)
			TypeCache.Refresh (536ms)
				TypeCache.ScanAssembly (480ms)
			BuildScriptInfoCaches (0ms)
			ResolveRequiredComponents (1ms)
	FinalizeReload (1730ms)
		ReleaseScriptCaches (0ms)
		RebuildScriptCaches (0ms)
		SetupLoadedEditorAssemblies (1457ms)
			LogAssemblyErrors (0ms)
			InitializePlatformSupportModulesInManaged (217ms)
			SetLoadedEditorAssemblies (17ms)
			BeforeProcessingInitializeOnLoad (53ms)
			ProcessInitializeOnLoadAttributes (698ms)
			ProcessInitializeOnLoadMethodAttributes (457ms)
			AfterProcessingInitializeOnLoad (13ms)
			EditorAssembliesLoaded (2ms)
		ExecutionOrderSort2 (0ms)
		AwakeInstancesAfterBackupRestoration (0ms)
========================================================================
Worker process is ready to serve import requests
Import Worker Mode flag is 0x00
Begin MonoManager ReloadAssembly
- Loaded All Assemblies, in 23.042 seconds
Refreshing native plugins compatible for Editor in 3.09 ms, found 3 plugins.
Native extension for WindowsStandalone target not found
Mono: successfully reloaded assembly
- Finished resetting the current domain, in  4.500 seconds
Domain Reload Profiling: 27532ms
	BeginReloadAssembly (2236ms)
		ExecutionOrderSort (0ms)
		DisableScriptedObjects (15ms)
		BackupInstance (0ms)
		ReleaseScriptingObjects (0ms)
		CreateAndSetChildDomain (137ms)
	RebuildCommonClasses (127ms)
	RebuildNativeTypeToScriptingClass (40ms)
	initialDomainReloadingComplete (139ms)
	LoadAllAssembliesAndSetupDomain (20487ms)
		LoadAssemblies (11780ms)
		RebuildTransferFunctionScriptingTraits (0ms)
		AnalyzeDomain (9367ms)
			TypeCache.Refresh (9118ms)
				TypeCache.ScanAssembly (9045ms)
			BuildScriptInfoCaches (196ms)
			ResolveRequiredComponents (43ms)
	FinalizeReload (4502ms)
		ReleaseScriptCaches (0ms)
		RebuildScriptCaches (0ms)
		SetupLoadedEditorAssemblies (3188ms)
			LogAssemblyErrors (0ms)
			InitializePlatformSupportModulesInManaged (226ms)
			SetLoadedEditorAssemblies (292ms)
			BeforeProcessingInitializeOnLoad (671ms)
			ProcessInitializeOnLoadAttributes (1676ms)
			ProcessInitializeOnLoadMethodAttributes (302ms)
			AfterProcessingInitializeOnLoad (20ms)
			EditorAssembliesLoaded (1ms)
		ExecutionOrderSort2 (0ms)
		AwakeInstancesAfterBackupRestoration (28ms)
Launched and connected shader compiler UnityShaderCompiler.exe after 0.08 seconds
Refreshing native plugins compatible for Editor in 8.61 ms, found 3 plugins.
Preloading 0 native plugins for Editor in 0.00 ms.
Unloading 215 Unused Serialized files (Serialized files now loaded: 0)
Unloading 5936 unused Assets / (6.3 MB). Loaded Objects now: 6724.
Memory consumption went from 187.1 MB to 180.8 MB.
Total: 91.154400 ms (FindLiveObjects: 3.542200 ms CreateObjectMapping: 39.698200 ms MarkObjects: 25.723200 ms  DeleteObjects: 22.186000 ms)

========================================================================
Received Import Request.
  Time since last request: 7716.875300 seconds.
  path: Assets/Settings/DefaultVolumeProfile.asset
  artifactKey: Guid(ab09877e2e707104187f6f83e2f62510) Importer(2089858483,3d70f49cd1c2eb9ae422958d1c652c6b)
Start importing Assets/Settings/DefaultVolumeProfile.asset using Guid(ab09877e2e707104187f6f83e2f62510) Importer(2089858483,3d70f49cd1c2eb9ae422958d1c652c6b) (ScriptedImporter) -> (artifact id: 'e91fdcd459f45718e89763530a09ce76') in 1.2211107 seconds
Number of updated asset objects reloaded before import = 0Number of asset objects unloaded after import = 0

========================================================================
Received Import Request.
  Time since last request: 0.000116 seconds.
  path: Assets/Necromanser/Materials/Mat_Necromanser_Body.mat
  artifactKey: Guid(aa517b8000d0c834aa66e9bc4af58bcf) Importer(2089858483,192608db42251d675da83286b1cce702)
Start importing Assets/Necromanser/Materials/Mat_Necromanser_Body.mat using Guid(aa517b8000d0c834aa66e9bc4af58bcf) Importer(2089858483,192608db42251d675da83286b1cce702) (ScriptedImporter) -> (artifact id: '261f6c31e10c0fa7199feee5742f7d7c') in 0.590362 seconds
Number of updated asset objects reloaded before import = 0Number of asset objects unloaded after import = 5

========================================================================
Received Import Request.
  Time since last request: 0.000091 seconds.
  path: Assets/AllSkyFree/Deep Dusk/Deep Dusk__Cam_5_Down-Y.png
  artifactKey: Guid(2e38ed7c39e8e4314930da8a86ae7a88) Importer(2089858483,192608db42251d675da83286b1cce702)
Start importing Assets/AllSkyFree/Deep Dusk/Deep Dusk__Cam_5_Down-Y.png using Guid(2e38ed7c39e8e4314930da8a86ae7a88) Importer(2089858483,192608db42251d675da83286b1cce702) (ScriptedImporter) -> (artifact id: 'a0d74c58f8ed944a5c8066a89021bf04') in 0.7730028 seconds
Number of updated asset objects reloaded before import = 0Number of asset objects unloaded after import = 1

========================================================================
Received Import Request.
  Time since last request: 0.000086 seconds.
  path: Assets/Scripts/3_StatePattern(CharacterSelection)/States/ICharacterState.cs
  artifactKey: Guid(383ae76605c55594e86d2fbfca6429ac) Importer(2089858483,192608db42251d675da83286b1cce702)
Start importing Assets/Scripts/3_StatePattern(CharacterSelection)/States/ICharacterState.cs using Guid(383ae76605c55594e86d2fbfca6429ac) Importer(2089858483,192608db42251d675da83286b1cce702) (ScriptedImporter) -> (artifact id: 'a85e1bbce3ba496b9f4a1963502cac0c') in 0.3063452 seconds
Number of updated asset objects reloaded before import = 0Number of asset objects unloaded after import = 0

========================================================================
Received Import Request.
  Time since last request: 0.000058 seconds.
  path: Assets/Crusader tank/animation/crusadershield@jump.fbx
  artifactKey: Guid(19d3614e60b310e4a89d1e51c2e979ff) Importer(2089858483,192608db42251d675da83286b1cce702)
Start importing Assets/Crusader tank/animation/crusadershield@jump.fbx using Guid(19d3614e60b310e4a89d1e51c2e979ff) Importer(2089858483,192608db42251d675da83286b1cce702) (ScriptedImporter) -> (artifact id: '5c5c952472967eac903af09df7934040') in 1.6057628 seconds
Number of updated asset objects reloaded before import = 0Number of asset objects unloaded after import = 549

========================================================================
Received Import Request.
  Time since last request: 0.000299 seconds.
  path: Assets/Crusader tank/stand/Materials
  artifactKey: Guid(12ae26bedce35b3428cbc3a38071ef18) Importer(2089858483,192608db42251d675da83286b1cce702)
Start importing Assets/Crusader tank/stand/Materials using Guid(12ae26bedce35b3428cbc3a38071ef18) Importer(2089858483,192608db42251d675da83286b1cce702) (ScriptedImporter) -> (artifact id: '1943debb34c1d6d8f2f9c78c01ae061b') in 0.083727 seconds
Number of updated asset objects reloaded before import = 0Number of asset objects unloaded after import = 1

========================================================================
Received Import Request.
  Time since last request: 0.000056 seconds.
  path: Assets/Orkassasin/Texture/1_Shoulders_Albedo.tga
  artifactKey: Guid(ec9541d0ed538bc458b30995e6cb2ce0) Importer(2089858483,192608db42251d675da83286b1cce702)
Start importing Assets/Orkassasin/Texture/1_Shoulders_Albedo.tga using Guid(ec9541d0ed538bc458b30995e6cb2ce0) Importer(2089858483,192608db42251d675da83286b1cce702) (ScriptedImporter) -> (artifact id: '88b8d8d81f89688c670075f2f06ec2fb') in 0.1548949 seconds
Number of updated asset objects reloaded before import = 0Number of asset objects unloaded after import = 1

========================================================================
Received Import Request.
  Time since last request: 0.000115 seconds.
  path: Assets/Crusader tank/animation/crusadershield@battle poze.fbx
  artifactKey: Guid(bc6846e56a5f9ce428622b04bb5a389c) Importer(2089858483,192608db42251d675da83286b1cce702)
Start importing Assets/Crusader tank/animation/crusadershield@battle poze.fbx using Guid(bc6846e56a5f9ce428622b04bb5a389c) Importer(2089858483,192608db42251d675da83286b1cce702) (ScriptedImporter) -> (artifact id: 'a7d2faa7aea23a558eb73072f4b5de29') in 0.8573362 seconds
Number of updated asset objects reloaded before import = 0Number of asset objects unloaded after import = 549

========================================================================
Received Import Request.
  Time since last request: 0.000074 seconds.
  path: Assets/Necromanser/Base mesh/base mesh.fbx
  artifactKey: Guid(91f1429de22af07499ab3cf82c83112a) Importer(2089858483,192608db42251d675da83286b1cce702)
Start importing Assets/Necromanser/Base mesh/base mesh.fbx using Guid(91f1429de22af07499ab3cf82c83112a) Importer(2089858483,192608db42251d675da83286b1cce702) (ScriptedImporter) -> (artifact id: '55088152a203c261aeda9a18a81d7bfb') in 1.4900937 seconds
Number of updated asset objects reloaded before import = 0Number of asset objects unloaded after import = 1155

========================================================================
Received Import Request.
  Time since last request: 0.000385 seconds.
  path: Assets/Orkassasin/stand/Materials/Cylinder001Mat.mat
  artifactKey: Guid(7bdd956a18d0f8047b5ecbd6d3446a4b) Importer(2089858483,192608db42251d675da83286b1cce702)
Start importing Assets/Orkassasin/stand/Materials/Cylinder001Mat.mat using Guid(7bdd956a18d0f8047b5ecbd6d3446a4b) Importer(2089858483,192608db42251d675da83286b1cce702) (ScriptedImporter) -> (artifact id: 'acbf2aa9e2c06f307aabb83083d0061f') in 0.1174261 seconds
Number of updated asset objects reloaded before import = 0Number of asset objects unloaded after import = 1

========================================================================
Received Import Request.
  Time since last request: 0.000071 seconds.
  path: Assets/Crusader tank/base mesh
  artifactKey: Guid(ceb021e9702438f40a6b3c9535876d29) Importer(2089858483,192608db42251d675da83286b1cce702)
Start importing Assets/Crusader tank/base mesh using Guid(ceb021e9702438f40a6b3c9535876d29) Importer(2089858483,192608db42251d675da83286b1cce702) (ScriptedImporter) -> (artifact id: '1ad27aab4ca54bd56829e18153a3c389') in 0.0632225 seconds
Number of updated asset objects reloaded before import = 0Number of asset objects unloaded after import = 1

========================================================================
Received Import Request.
  Time since last request: 0.000217 seconds.
  path: Assets/Necromanser/Base mesh
  artifactKey: Guid(17b040aa501af264496190af7489376f) Importer(2089858483,192608db42251d675da83286b1cce702)
Start importing Assets/Necromanser/Base mesh using Guid(17b040aa501af264496190af7489376f) Importer(2089858483,192608db42251d675da83286b1cce702) (ScriptedImporter) -> (artifact id: '6d16646b4bb7a63ba2cac812a7cdb286') in 0.0811032 seconds
Number of updated asset objects reloaded before import = 0Number of asset objects unloaded after import = 1

========================================================================
Received Import Request.
  Time since last request: 0.000052 seconds.
  path: Assets/Orkassasin/Animation/orkassasin@atack25.fbx
  artifactKey: Guid(83d89bf2fd9d6c0468a7cc85a3935bad) Importer(2089858483,192608db42251d675da83286b1cce702)
Start importing Assets/Orkassasin/Animation/orkassasin@atack25.fbx using Guid(83d89bf2fd9d6c0468a7cc85a3935bad) Importer(2089858483,192608db42251d675da83286b1cce702) (ScriptedImporter) -> (artifact id: 'f65cc5837101040d0c30921fcf0b1d04') in 0.3529112 seconds
Number of updated asset objects reloaded before import = 0Number of asset objects unloaded after import = 477

========================================================================
Received Import Request.
  Time since last request: 0.000080 seconds.
  path: Assets/Orkassasin/Animation/orkassasin@atack18.fbx
  artifactKey: Guid(30fa208a4f62ddf468de21452a5297d2) Importer(2089858483,192608db42251d675da83286b1cce702)
Start importing Assets/Orkassasin/Animation/orkassasin@atack18.fbx using Guid(30fa208a4f62ddf468de21452a5297d2) Importer(2089858483,192608db42251d675da83286b1cce702) (ScriptedImporter) -> (artifact id: 'ab60ce29d9ecff0f6b570d83fbf2266a') in 0.344743 seconds
Number of updated asset objects reloaded before import = 0Number of asset objects unloaded after import = 477

========================================================================
Received Import Request.
  Time since last request: 27.005312 seconds.
  path: Assets/Necromanser/Materials/Mat_Necromanser_Weapon.mat
  artifactKey: Guid(18f94db57777bac448b053191afebd49) Importer(2089858483,192608db42251d675da83286b1cce702)
Start importing Assets/Necromanser/Materials/Mat_Necromanser_Weapon.mat using Guid(18f94db57777bac448b053191afebd49) Importer(2089858483,192608db42251d675da83286b1cce702) (ScriptedImporter) -> (artifact id: '026a323b1f6a66c9eca76a5468e653ad') in 0.0847248 seconds
Number of updated asset objects reloaded before import = 0Number of asset objects unloaded after import = 4

========================================================================
Received Import Request.
  Time since last request: 0.000033 seconds.
  path: Assets/TextMesh Pro/Resources/Fonts & Materials/LiberationSans SDF - Fallback.asset
  artifactKey: Guid(2e498d1c8094910479dc3e1b768306a4) Importer(2089858483,192608db42251d675da83286b1cce702)
Start importing Assets/TextMesh Pro/Resources/Fonts & Materials/LiberationSans SDF - Fallback.asset using Guid(2e498d1c8094910479dc3e1b768306a4) Importer(2089858483,192608db42251d675da83286b1cce702) (ScriptedImporter) -> (artifact id: 'ee1e1d97986a04315370e3786672f647') in 0.1543669 seconds
Number of updated asset objects reloaded before import = 0Number of asset objects unloaded after import = 5

========================================================================
Received Import Request.
  Time since last request: 403.396846 seconds.
  path: Assets/KayKit_Adventurers_1.0_FREE/Assets/fbx
  artifactKey: Guid(ce8524d09fa70f64d9a1a3809850fdee) Importer(2089858483,192608db42251d675da83286b1cce702)
Start importing Assets/KayKit_Adventurers_1.0_FREE/Assets/fbx using Guid(ce8524d09fa70f64d9a1a3809850fdee) Importer(2089858483,192608db42251d675da83286b1cce702) (ScriptedImporter) -> (artifact id: '135b3702357a502e941e6e3bfdea70a0') in 0.028842 seconds
Number of updated asset objects reloaded before import = 3Number of asset objects unloaded after import = 1

========================================================================
Received Import Request.
  Time since last request: 0.000058 seconds.
  path: Assets/KayKit_Adventurers_1.0_FREE/Assets/fbx/mug_full.fbx
  artifactKey: Guid(debe961d800de764fba8077e3f029ee9) Importer(2089858483,192608db42251d675da83286b1cce702)
Start importing Assets/KayKit_Adventurers_1.0_FREE/Assets/fbx/mug_full.fbx using Guid(debe961d800de764fba8077e3f029ee9) Importer(2089858483,192608db42251d675da83286b1cce702) (ScriptedImporter) -> (artifact id: '2bd967ac5f9c4ced5255bcfdbdf29441') in 0.0704083 seconds
Number of updated asset objects reloaded before import = 0Number of asset objects unloaded after import = 9

========================================================================
Received Import Request.
  Time since last request: 0.000037 seconds.
  path: Assets/KayKit_Adventurers_1.0_FREE/Assets/gltf/arrow_bundle.gltf
  artifactKey: Guid(26cc47968a9de93478db4fff1ea8312e) Importer(2089858483,192608db42251d675da83286b1cce702)
Start importing Assets/KayKit_Adventurers_1.0_FREE/Assets/gltf/arrow_bundle.gltf using Guid(26cc47968a9de93478db4fff1ea8312e) Importer(2089858483,192608db42251d675da83286b1cce702) (ScriptedImporter) -> (artifact id: '8e16ae84217cf4124b8837344297371f') in 0.0149143 seconds
Number of updated asset objects reloaded before import = 0Number of asset objects unloaded after import = 1

========================================================================
Received Import Request.
  Time since last request: 0.000032 seconds.
  path: Assets/KayKit_Adventurers_1.0_FREE/Characters
  artifactKey: Guid(c6f00f50c4f03de49bbcfd8754c31b1d) Importer(2089858483,192608db42251d675da83286b1cce702)
Start importing Assets/KayKit_Adventurers_1.0_FREE/Characters using Guid(c6f00f50c4f03de49bbcfd8754c31b1d) Importer(2089858483,192608db42251d675da83286b1cce702) (ScriptedImporter) -> (artifact id: '909554a973a491399c8b1b9bd052bf50') in 0.0157285 seconds
Number of updated asset objects reloaded before import = 0Number of asset objects unloaded after import = 1

========================================================================
Received Import Request.
  Time since last request: 0.000022 seconds.
  path: Assets/KayKit_Adventurers_1.0_FREE/Assets/fbx/arrow.fbx
  artifactKey: Guid(e815e63eecc2c8147a17797f626ca335) Importer(2089858483,192608db42251d675da83286b1cce702)
Start importing Assets/KayKit_Adventurers_1.0_FREE/Assets/fbx/arrow.fbx using Guid(e815e63eecc2c8147a17797f626ca335) Importer(2089858483,192608db42251d675da83286b1cce702) (ScriptedImporter) -> (artifact id: 'e97ddeaccde1a0a469e7f0ab7dca1bae') in 0.0484083 seconds
Number of updated asset objects reloaded before import = 0Number of asset objects unloaded after import = 9

========================================================================
Received Import Request.
  Time since last request: 0.000035 seconds.
  path: Assets/KayKit_Adventurers_1.0_FREE/Characters/gltf/barbarian_texture.png
  artifactKey: Guid(a5f4ffd6dd68d3e458a1084ecb0a453a) Importer(2089858483,192608db42251d675da83286b1cce702)
Start importing Assets/KayKit_Adventurers_1.0_FREE/Characters/gltf/barbarian_texture.png using Guid(a5f4ffd6dd68d3e458a1084ecb0a453a) Importer(2089858483,192608db42251d675da83286b1cce702) (ScriptedImporter) -> (artifact id: '51b53659a3b0303b4f666da60b089554') in 0.0363008 seconds
Number of updated asset objects reloaded before import = 0Number of asset objects unloaded after import = 1

========================================================================
Received Import Request.
  Time since last request: 0.000036 seconds.
  path: Assets/KayKit_Adventurers_1.0_FREE/Assets/gltf/axe_2handed.bin
  artifactKey: Guid(38a467d8827f13049826000113e3eed0) Importer(2089858483,192608db42251d675da83286b1cce702)
Start importing Assets/KayKit_Adventurers_1.0_FREE/Assets/gltf/axe_2handed.bin using Guid(38a467d8827f13049826000113e3eed0) Importer(2089858483,192608db42251d675da83286b1cce702) (ScriptedImporter) -> (artifact id: '6d555adee30b8c80443efc94ce640731') in 0.0148724 seconds
Number of updated asset objects reloaded before import = 0Number of asset objects unloaded after import = 1

========================================================================
Received Import Request.
  Time since last request: 0.000063 seconds.
  path: Assets/KayKit_Adventurers_1.0_FREE/Assets/gltf/mug_empty.gltf
  artifactKey: Guid(59525dfffb24f914fa8be22102d00f56) Importer(2089858483,192608db42251d675da83286b1cce702)
Start importing Assets/KayKit_Adventurers_1.0_FREE/Assets/gltf/mug_empty.gltf using Guid(59525dfffb24f914fa8be22102d00f56) Importer(2089858483,192608db42251d675da83286b1cce702) (ScriptedImporter) -> (artifact id: 'bfc71780680bea1e0d5e8cde908ef6cd') in 0.0176129 seconds
Number of updated asset objects reloaded before import = 0Number of asset objects unloaded after import = 1

========================================================================
Received Import Request.
  Time since last request: 0.000027 seconds.
  path: Assets/KayKit_Adventurers_1.0_FREE/Assets/fbx/smokebomb.fbx
  artifactKey: Guid(d45230f736b715f41a44a9bfd25b48a4) Importer(2089858483,192608db42251d675da83286b1cce702)
Start importing Assets/KayKit_Adventurers_1.0_FREE/Assets/fbx/smokebomb.fbx using Guid(d45230f736b715f41a44a9bfd25b48a4) Importer(2089858483,192608db42251d675da83286b1cce702) (ScriptedImporter) -> (artifact id: '9ea009a23547c3cbf09f76234f68d01b') in 0.0441035 seconds
Number of updated asset objects reloaded before import = 0Number of asset objects unloaded after import = 9

========================================================================
Received Import Request.
  Time since last request: 0.000032 seconds.
  path: Assets/KayKit_Adventurers_1.0_FREE/Samples/rogue.png
  artifactKey: Guid(3a5e6cee38203124c8c69cffbd199722) Importer(2089858483,192608db42251d675da83286b1cce702)
Start importing Assets/KayKit_Adventurers_1.0_FREE/Samples/rogue.png using Guid(3a5e6cee38203124c8c69cffbd199722) Importer(2089858483,192608db42251d675da83286b1cce702) (ScriptedImporter) -> (artifact id: '7df7908ced080f1651af3044b374be1c') in 0.0325747 seconds
Number of updated asset objects reloaded before import = 0Number of asset objects unloaded after import = 1

========================================================================
Received Import Request.
  Time since last request: 0.000021 seconds.
  path: Assets/KayKit_Adventurers_1.0_FREE/Assets/gltf/arrow.gltf
  artifactKey: Guid(1883497b6d9bfe646858618d9274b8d9) Importer(2089858483,192608db42251d675da83286b1cce702)
Start importing Assets/KayKit_Adventurers_1.0_FREE/Assets/gltf/arrow.gltf using Guid(1883497b6d9bfe646858618d9274b8d9) Importer(2089858483,192608db42251d675da83286b1cce702) (ScriptedImporter) -> (artifact id: '5fdeb1fbe49aa8b571fc45443f7eea7c') in 0.0207372 seconds
Number of updated asset objects reloaded before import = 0Number of asset objects unloaded after import = 1

========================================================================
Received Import Request.
  Time since last request: 0.000042 seconds.
  path: Assets/KayKit_Adventurers_1.0_FREE/Assets/fbx/wand.fbx
  artifactKey: Guid(f574eb967651a48479939b97672aee8b) Importer(2089858483,192608db42251d675da83286b1cce702)
Start importing Assets/KayKit_Adventurers_1.0_FREE/Assets/fbx/wand.fbx using Guid(f574eb967651a48479939b97672aee8b) Importer(2089858483,192608db42251d675da83286b1cce702) (ScriptedImporter) -> (artifact id: 'a85274ca334ef077c0a8a213461b4f2b') in 0.0675698 seconds
Number of updated asset objects reloaded before import = 0Number of asset objects unloaded after import = 9

========================================================================
Received Import Request.
  Time since last request: 0.000062 seconds.
  path: Assets/KayKit_Adventurers_1.0_FREE/Assets/fbx/mage_texture.png
  artifactKey: Guid(1f2142bf1d1e3c94480e971253deeade) Importer(2089858483,192608db42251d675da83286b1cce702)
Start importing Assets/KayKit_Adventurers_1.0_FREE/Assets/fbx/mage_texture.png using Guid(1f2142bf1d1e3c94480e971253deeade) Importer(2089858483,192608db42251d675da83286b1cce702) (ScriptedImporter) -> (artifact id: '356b8a2adfc4b1fb0f76af9402a1e0b4') in 0.0508809 seconds
Number of updated asset objects reloaded before import = 0Number of asset objects unloaded after import = 1

========================================================================
Received Import Request.
  Time since last request: 0.000042 seconds.
  path: Assets/KayKit_Adventurers_1.0_FREE/Assets/gltf/mage_texture.png
  artifactKey: Guid(5ca65eae9199fcf4ea447a2569966900) Importer(2089858483,192608db42251d675da83286b1cce702)
Start importing Assets/KayKit_Adventurers_1.0_FREE/Assets/gltf/mage_texture.png using Guid(5ca65eae9199fcf4ea447a2569966900) Importer(2089858483,192608db42251d675da83286b1cce702) (ScriptedImporter) -> (artifact id: '7fd39b80e234fcc87d1d3e25a6665687') in 0.0624404 seconds
Number of updated asset objects reloaded before import = 0Number of asset objects unloaded after import = 1

========================================================================
Received Import Request.
  Time since last request: 0.000032 seconds.
  path: Assets/KayKit_Adventurers_1.0_FREE/Assets/fbx/arrow_bundle.fbx
  artifactKey: Guid(3ab5068dc967be94ea792ba35b3f3a89) Importer(2089858483,192608db42251d675da83286b1cce702)
Start importing Assets/KayKit_Adventurers_1.0_FREE/Assets/fbx/arrow_bundle.fbx using Guid(3ab5068dc967be94ea792ba35b3f3a89) Importer(2089858483,192608db42251d675da83286b1cce702) (ScriptedImporter) -> (artifact id: '25a20d5319c81544f5bcd627129803fd') in 0.0743895 seconds
Number of updated asset objects reloaded before import = 0Number of asset objects unloaded after import = 9

========================================================================
Received Import Request.
  Time since last request: 0.000041 seconds.
  path: Assets/KayKit_Adventurers_1.0_FREE/Assets/fbx/spellbook_closed.fbx
  artifactKey: Guid(0297e105e11b340438cad3a96434c2b1) Importer(2089858483,192608db42251d675da83286b1cce702)
Start importing Assets/KayKit_Adventurers_1.0_FREE/Assets/fbx/spellbook_closed.fbx using Guid(0297e105e11b340438cad3a96434c2b1) Importer(2089858483,192608db42251d675da83286b1cce702) (ScriptedImporter) -> (artifact id: 'bea7f1eb044de7ad2eef92f70aa5863f') in 0.0437139 seconds
Number of updated asset objects reloaded before import = 0Number of asset objects unloaded after import = 9

========================================================================
Received Import Request.
  Time since last request: 0.000020 seconds.
  path: Assets/KayKit_Adventurers_1.0_FREE/Assets/gltf/smokebomb.bin
  artifactKey: Guid(6d84b257843f6a447b7d804fea585ae8) Importer(2089858483,192608db42251d675da83286b1cce702)
Start importing Assets/KayKit_Adventurers_1.0_FREE/Assets/gltf/smokebomb.bin using Guid(6d84b257843f6a447b7d804fea585ae8) Importer(2089858483,192608db42251d675da83286b1cce702) (ScriptedImporter) -> (artifact id: '9f56d798780240f208542e8f7b8886b8') in 0.0243912 seconds
Number of updated asset objects reloaded before import = 0Number of asset objects unloaded after import = 1

========================================================================
Received Import Request.
  Time since last request: 0.000090 seconds.
  path: Assets/KayKit_Adventurers_1.0_FREE/Assets/gltf/wand.bin
  artifactKey: Guid(1e900530a3b94094bb89917c1efe2660) Importer(2089858483,192608db42251d675da83286b1cce702)
Start importing Assets/KayKit_Adventurers_1.0_FREE/Assets/gltf/wand.bin using Guid(1e900530a3b94094bb89917c1efe2660) Importer(2089858483,192608db42251d675da83286b1cce702) (ScriptedImporter) -> (artifact id: 'b6e0a3800929e817249842bb8e7f3cb0') in 0.0282738 seconds
Number of updated asset objects reloaded before import = 0Number of asset objects unloaded after import = 1

========================================================================
Received Import Request.
  Time since last request: 0.000023 seconds.
  path: Assets/KayKit_Adventurers_1.0_FREE/Characters/fbx/Knight.fbx
  artifactKey: Guid(9370aff7ef8c80543bf65b803385ecb4) Importer(2089858483,192608db42251d675da83286b1cce702)
Start importing Assets/KayKit_Adventurers_1.0_FREE/Characters/fbx/Knight.fbx using Guid(9370aff7ef8c80543bf65b803385ecb4) Importer(2089858483,192608db42251d675da83286b1cce702) (ScriptedImporter) -> (artifact id: '1aa0384f10607fe97432fefd1d2b2cbc') in 0.5748358 seconds
Number of updated asset objects reloaded before import = 0Number of asset objects unloaded after import = 235

========================================================================
Received Import Request.
  Time since last request: 0.000047 seconds.
  path: Assets/KayKit_Adventurers_1.0_FREE/Assets/gltf/sword_2handed_color.bin
  artifactKey: Guid(20b6d7296762dd84d93bfeded3a1fbfe) Importer(2089858483,192608db42251d675da83286b1cce702)
Start importing Assets/KayKit_Adventurers_1.0_FREE/Assets/gltf/sword_2handed_color.bin using Guid(20b6d7296762dd84d93bfeded3a1fbfe) Importer(2089858483,192608db42251d675da83286b1cce702) (ScriptedImporter) -> (artifact id: '463d1bc2ee55eba6ee96591a6d5f9232') in 0.0165767 seconds
Number of updated asset objects reloaded before import = 0Number of asset objects unloaded after import = 1

========================================================================
Received Import Request.
  Time since last request: 0.000029 seconds.
  path: Assets/KayKit_Adventurers_1.0_FREE/Assets/fbx/sword_1handed.fbx
  artifactKey: Guid(49a16db0371cb3944888457077e50f8f) Importer(2089858483,192608db42251d675da83286b1cce702)
Start importing Assets/KayKit_Adventurers_1.0_FREE/Assets/fbx/sword_1handed.fbx using Guid(49a16db0371cb3944888457077e50f8f) Importer(2089858483,192608db42251d675da83286b1cce702) (ScriptedImporter) -> (artifact id: 'c0d21cadb7e3b8472246d9d210bd8e75') in 0.0496121 seconds
Number of updated asset objects reloaded before import = 0Number of asset objects unloaded after import = 9

========================================================================
Received Import Request.
  Time since last request: 0.000072 seconds.
  path: Assets/KayKit_Adventurers_1.0_FREE/Assets/fbx/shield_badge_color.fbx
  artifactKey: Guid(3423e9b4040c8c94189c8692ac97dc56) Importer(2089858483,192608db42251d675da83286b1cce702)
Start importing Assets/KayKit_Adventurers_1.0_FREE/Assets/fbx/shield_badge_color.fbx using Guid(3423e9b4040c8c94189c8692ac97dc56) Importer(2089858483,192608db42251d675da83286b1cce702) (ScriptedImporter) -> (artifact id: '3414728a1fba3870fb3464ea00d1cb99') in 0.0465779 seconds
Number of updated asset objects reloaded before import = 0Number of asset objects unloaded after import = 9

========================================================================
Received Import Request.
  Time since last request: 0.000042 seconds.
  path: Assets/KayKit_Adventurers_1.0_FREE/Assets/fbx/shield_round_color.fbx
  artifactKey: Guid(5d2dc61c1903eb24db2c25df0a78c15c) Importer(2089858483,192608db42251d675da83286b1cce702)
Start importing Assets/KayKit_Adventurers_1.0_FREE/Assets/fbx/shield_round_color.fbx using Guid(5d2dc61c1903eb24db2c25df0a78c15c) Importer(2089858483,192608db42251d675da83286b1cce702) (ScriptedImporter) -> (artifact id: 'b8afa58c7fda8c85ac2de44740d55141') in 0.0525608 seconds
Number of updated asset objects reloaded before import = 0Number of asset objects unloaded after import = 9

========================================================================
Received Import Request.
  Time since last request: 0.000038 seconds.
  path: Assets/KayKit_Adventurers_1.0_FREE/Assets/fbx/axe_1handed.fbx
  artifactKey: Guid(920c88879246ff240988b87d63ac2a97) Importer(2089858483,192608db42251d675da83286b1cce702)
Start importing Assets/KayKit_Adventurers_1.0_FREE/Assets/fbx/axe_1handed.fbx using Guid(920c88879246ff240988b87d63ac2a97) Importer(2089858483,192608db42251d675da83286b1cce702) (ScriptedImporter) -> (artifact id: 'e8f49184264036997cad3d369707580d') in 0.0459008 seconds
Number of updated asset objects reloaded before import = 0Number of asset objects unloaded after import = 9

========================================================================
Received Import Request.
  Time since last request: 0.000025 seconds.
  path: Assets/KayKit_Adventurers_1.0_FREE/Assets/gltf/shield_round_color.bin
  artifactKey: Guid(67c5812a0bfb7554b9df473b77942349) Importer(2089858483,192608db42251d675da83286b1cce702)
Start importing Assets/KayKit_Adventurers_1.0_FREE/Assets/gltf/shield_round_color.bin using Guid(67c5812a0bfb7554b9df473b77942349) Importer(2089858483,192608db42251d675da83286b1cce702) (ScriptedImporter) -> (artifact id: '12306f5765e668e939ddf47590b8d9ea') in 0.0160262 seconds
Number of updated asset objects reloaded before import = 0Number of asset objects unloaded after import = 1

========================================================================
Received Import Request.
  Time since last request: 0.000036 seconds.
  path: Assets/KayKit_Adventurers_1.0_FREE/Characters/fbx/rogue_texture.png
  artifactKey: Guid(f533790520a96bb4fb2e453ebd06ac6b) Importer(2089858483,192608db42251d675da83286b1cce702)
Start importing Assets/KayKit_Adventurers_1.0_FREE/Characters/fbx/rogue_texture.png using Guid(f533790520a96bb4fb2e453ebd06ac6b) Importer(2089858483,192608db42251d675da83286b1cce702) (ScriptedImporter) -> (artifact id: 'ad2abd6d08bf46ce548aa5ab9c21c7ce') in 0.0370488 seconds
Number of updated asset objects reloaded before import = 0Number of asset objects unloaded after import = 1

========================================================================
Received Import Request.
  Time since last request: 0.000031 seconds.
  path: Assets/KayKit_Adventurers_1.0_FREE/Characters/gltf/Rogue_Hooded.glb
  artifactKey: Guid(cc6ada842bb84ea429b3a8dbe4fdfba3) Importer(2089858483,192608db42251d675da83286b1cce702)
Start importing Assets/KayKit_Adventurers_1.0_FREE/Characters/gltf/Rogue_Hooded.glb using Guid(cc6ada842bb84ea429b3a8dbe4fdfba3) Importer(2089858483,192608db42251d675da83286b1cce702) (ScriptedImporter) -> (artifact id: '13547daaf87dc37d7553f7684cd710ff') in 0.0168538 seconds
Number of updated asset objects reloaded before import = 0Number of asset objects unloaded after import = 1

========================================================================
Received Import Request.
  Time since last request: 0.000045 seconds.
  path: Assets/KayKit_Adventurers_1.0_FREE/Assets/fbx/shield_round.fbx
  artifactKey: Guid(3002aa7fb8e872c4dbee473b368b6ee0) Importer(2089858483,192608db42251d675da83286b1cce702)
Start importing Assets/KayKit_Adventurers_1.0_FREE/Assets/fbx/shield_round.fbx using Guid(3002aa7fb8e872c4dbee473b368b6ee0) Importer(2089858483,192608db42251d675da83286b1cce702) (ScriptedImporter) -> (artifact id: '1a403b43f512e9d95e26b540d6d5e1e9') in 0.0589677 seconds
Number of updated asset objects reloaded before import = 0Number of asset objects unloaded after import = 9

========================================================================
Received Import Request.
  Time since last request: 0.000082 seconds.
  path: Assets/KayKit_Adventurers_1.0_FREE/Assets/gltf/shield_square_color.gltf
  artifactKey: Guid(226ea0877a2d203449aee4b14ca42b83) Importer(2089858483,192608db42251d675da83286b1cce702)
Start importing Assets/KayKit_Adventurers_1.0_FREE/Assets/gltf/shield_square_color.gltf using Guid(226ea0877a2d203449aee4b14ca42b83) Importer(2089858483,192608db42251d675da83286b1cce702) (ScriptedImporter) -> (artifact id: '207018395668213651bbc363a5eafe14') in 0.022499 seconds
Number of updated asset objects reloaded before import = 0Number of asset objects unloaded after import = 1

========================================================================
Received Import Request.
  Time since last request: 0.000037 seconds.
  path: Assets/KayKit_Adventurers_1.0_FREE/Assets/gltf/smokebomb.gltf
  artifactKey: Guid(31f77b58db481e14aa86ce31a66ed0e0) Importer(2089858483,192608db42251d675da83286b1cce702)
Start importing Assets/KayKit_Adventurers_1.0_FREE/Assets/gltf/smokebomb.gltf using Guid(31f77b58db481e14aa86ce31a66ed0e0) Importer(2089858483,192608db42251d675da83286b1cce702) (ScriptedImporter) -> (artifact id: '2e883ef00d388143993ca54ef3378730') in 0.0205206 seconds
Number of updated asset objects reloaded before import = 0Number of asset objects unloaded after import = 1

========================================================================
Received Import Request.
  Time since last request: 0.000038 seconds.
  path: Assets/KayKit_Adventurers_1.0_FREE/Assets/gltf/spellbook_closed.gltf
  artifactKey: Guid(8269c081a23ba304c8be0e74d8f1a1cc) Importer(2089858483,192608db42251d675da83286b1cce702)
Start importing Assets/KayKit_Adventurers_1.0_FREE/Assets/gltf/spellbook_closed.gltf using Guid(8269c081a23ba304c8be0e74d8f1a1cc) Importer(2089858483,192608db42251d675da83286b1cce702) (ScriptedImporter) -> (artifact id: '9071500d227c023ffea22e14238a87ad') in 0.0179755 seconds
Number of updated asset objects reloaded before import = 0Number of asset objects unloaded after import = 1

========================================================================
Received Import Request.
  Time since last request: 0.000058 seconds.
  path: Assets/KayKit_Adventurers_1.0_FREE/Characters/fbx/Rogue.fbx
  artifactKey: Guid(f5ad47c142b007144b8d83f9ababc693) Importer(2089858483,192608db42251d675da83286b1cce702)
Start importing Assets/KayKit_Adventurers_1.0_FREE/Characters/fbx/Rogue.fbx using Guid(f5ad47c142b007144b8d83f9ababc693) Importer(2089858483,192608db42251d675da83286b1cce702) (ScriptedImporter) -> (artifact id: '3e6021d8062bf4d2dcdad40f3eb46ed8') in 0.7050932 seconds
Number of updated asset objects reloaded before import = 0Number of asset objects unloaded after import = 220

========================================================================
Received Import Request.
  Time since last request: 0.000037 seconds.
  path: Assets/KayKit_Adventurers_1.0_FREE/Samples
  artifactKey: Guid(e8600b490f9432346b14c8ba40f34794) Importer(2089858483,192608db42251d675da83286b1cce702)
Start importing Assets/KayKit_Adventurers_1.0_FREE/Samples using Guid(e8600b490f9432346b14c8ba40f34794) Importer(2089858483,192608db42251d675da83286b1cce702) (ScriptedImporter) -> (artifact id: '52a259a8483248f97b83cbeee19c26d3') in 0.0188625 seconds
Number of updated asset objects reloaded before import = 0Number of asset objects unloaded after import = 1

========================================================================
Received Import Request.
  Time since last request: 0.000056 seconds.
  path: Assets/KayKit_Adventurers_1.0_FREE/Assets/fbx/quiver.fbx
  artifactKey: Guid(a3ab7f7f71d66fe4ca1fbe7501d42349) Importer(2089858483,192608db42251d675da83286b1cce702)
Start importing Assets/KayKit_Adventurers_1.0_FREE/Assets/fbx/quiver.fbx using Guid(a3ab7f7f71d66fe4ca1fbe7501d42349) Importer(2089858483,192608db42251d675da83286b1cce702) (ScriptedImporter) -> (artifact id: '593bce6e6fd27377d4e80c004d6bc369') in 0.0598817 seconds
Number of updated asset objects reloaded before import = 0Number of asset objects unloaded after import = 9

========================================================================
Received Import Request.
  Time since last request: 0.000030 seconds.
  path: Assets/KayKit_Adventurers_1.0_FREE/Assets/gltf/shield_round_barbarian.gltf
  artifactKey: Guid(9028489c2161de74ca13472b55d92378) Importer(2089858483,192608db42251d675da83286b1cce702)
Start importing Assets/KayKit_Adventurers_1.0_FREE/Assets/gltf/shield_round_barbarian.gltf using Guid(9028489c2161de74ca13472b55d92378) Importer(2089858483,192608db42251d675da83286b1cce702) (ScriptedImporter) -> (artifact id: '361b47894b51251119fbb6b47c45973b') in 0.0179158 seconds
Number of updated asset objects reloaded before import = 0Number of asset objects unloaded after import = 1

========================================================================
Received Import Request.
  Time since last request: 0.000024 seconds.
  path: Assets/KayKit_Adventurers_1.0_FREE/Assets/gltf/mug_full.gltf
  artifactKey: Guid(2776cb737aeefbc49a93e42cb66dec3c) Importer(2089858483,192608db42251d675da83286b1cce702)
Start importing Assets/KayKit_Adventurers_1.0_FREE/Assets/gltf/mug_full.gltf using Guid(2776cb737aeefbc49a93e42cb66dec3c) Importer(2089858483,192608db42251d675da83286b1cce702) (ScriptedImporter) -> (artifact id: '7ea68bf16ab898df69250473a5662cfe') in 0.0218615 seconds
Number of updated asset objects reloaded before import = 0Number of asset objects unloaded after import = 1

========================================================================
Received Import Request.
  Time since last request: 0.000032 seconds.
  path: Assets/KayKit_Adventurers_1.0_FREE/Assets/gltf/shield_round_barbarian.bin
  artifactKey: Guid(9330f5379596f9440828072330c2fe1b) Importer(2089858483,192608db42251d675da83286b1cce702)
Start importing Assets/KayKit_Adventurers_1.0_FREE/Assets/gltf/shield_round_barbarian.bin using Guid(9330f5379596f9440828072330c2fe1b) Importer(2089858483,192608db42251d675da83286b1cce702) (ScriptedImporter) -> (artifact id: 'e951cbcfdb96422fe555d91c362e9771') in 0.0172844 seconds
Number of updated asset objects reloaded before import = 0Number of asset objects unloaded after import = 1

========================================================================
Received Import Request.
  Time since last request: 0.000067 seconds.
  path: Assets/KayKit_Adventurers_1.0_FREE/License.txt
  artifactKey: Guid(63a15dea9bb366f42b381097525d4008) Importer(2089858483,192608db42251d675da83286b1cce702)
Start importing Assets/KayKit_Adventurers_1.0_FREE/License.txt using Guid(63a15dea9bb366f42b381097525d4008) Importer(2089858483,192608db42251d675da83286b1cce702) (ScriptedImporter) -> (artifact id: '9eb71b5da3dca82f78c3803731df6af1') in 0.0154008 seconds
Number of updated asset objects reloaded before import = 0Number of asset objects unloaded after import = 1

========================================================================
Received Import Request.
  Time since last request: 0.000028 seconds.
  path: Assets/KayKit_Adventurers_1.0_FREE/Assets/gltf/shield_square.gltf
  artifactKey: Guid(f743e9ebb6b36dd44926d91e7dcaebe6) Importer(2089858483,192608db42251d675da83286b1cce702)
Start importing Assets/KayKit_Adventurers_1.0_FREE/Assets/gltf/shield_square.gltf using Guid(f743e9ebb6b36dd44926d91e7dcaebe6) Importer(2089858483,192608db42251d675da83286b1cce702) (ScriptedImporter) -> (artifact id: '4a42706eb268aa013251b58c687da048') in 0.0180875 seconds
Number of updated asset objects reloaded before import = 0Number of asset objects unloaded after import = 1

========================================================================
Received Import Request.
  Time since last request: 0.000023 seconds.
  path: Assets/KayKit_Adventurers_1.0_FREE/Samples/knight.png
  artifactKey: Guid(d4b7be60797151845a18243c10115dd3) Importer(2089858483,192608db42251d675da83286b1cce702)
Start importing Assets/KayKit_Adventurers_1.0_FREE/Samples/knight.png using Guid(d4b7be60797151845a18243c10115dd3) Importer(2089858483,192608db42251d675da83286b1cce702) (ScriptedImporter) -> (artifact id: '42a1af7064c6b01d7c73ee41491e3e7b') in 0.0511923 seconds
Number of updated asset objects reloaded before import = 0Number of asset objects unloaded after import = 1

========================================================================
Received Import Request.
  Time since last request: 0.000039 seconds.
  path: Assets/KayKit_Adventurers_1.0_FREE/Patreon.url
  artifactKey: Guid(b42f68001bb4efc408296fd74de64de4) Importer(2089858483,192608db42251d675da83286b1cce702)
Start importing Assets/KayKit_Adventurers_1.0_FREE/Patreon.url using Guid(b42f68001bb4efc408296fd74de64de4) Importer(2089858483,192608db42251d675da83286b1cce702) (ScriptedImporter) -> (artifact id: 'defa1065dc4455fcaa9c7cbd04f926ea') in 0.0189532 seconds
Number of updated asset objects reloaded before import = 0Number of asset objects unloaded after import = 1

========================================================================
Received Import Request.
  Time since last request: 0.000043 seconds.
  path: Assets/KayKit_Adventurers_1.0_FREE/Assets/fbx/crossbow_1handed.fbx
  artifactKey: Guid(8472ab23847910d4abe3f0c76165f0bc) Importer(2089858483,192608db42251d675da83286b1cce702)
Start importing Assets/KayKit_Adventurers_1.0_FREE/Assets/fbx/crossbow_1handed.fbx using Guid(8472ab23847910d4abe3f0c76165f0bc) Importer(2089858483,192608db42251d675da83286b1cce702) (ScriptedImporter) -> (artifact id: '1ea1496111d061c9877e978cbf65ef6c') in 0.0601865 seconds
Number of updated asset objects reloaded before import = 0Number of asset objects unloaded after import = 9

========================================================================
Received Import Request.
  Time since last request: 0.000022 seconds.
  path: Assets/KayKit_Adventurers_1.0_FREE/Assets/gltf/knight_texture.png
  artifactKey: Guid(f5e6c59462590e54e8a948c850e75733) Importer(2089858483,192608db42251d675da83286b1cce702)
Start importing Assets/KayKit_Adventurers_1.0_FREE/Assets/gltf/knight_texture.png using Guid(f5e6c59462590e54e8a948c850e75733) Importer(2089858483,192608db42251d675da83286b1cce702) (ScriptedImporter) -> (artifact id: '61af69f5bf90d17bd72b98ded409d18b') in 0.0413601 seconds
Number of updated asset objects reloaded before import = 0Number of asset objects unloaded after import = 1

========================================================================
Received Import Request.
  Time since last request: 0.000024 seconds.
  path: Assets/KayKit_Adventurers_1.0_FREE/Characters/gltf/Rogue.glb
  artifactKey: Guid(fecab8ff80e12ef47bffd8d8ad5567aa) Importer(2089858483,192608db42251d675da83286b1cce702)
Start importing Assets/KayKit_Adventurers_1.0_FREE/Characters/gltf/Rogue.glb using Guid(fecab8ff80e12ef47bffd8d8ad5567aa) Importer(2089858483,192608db42251d675da83286b1cce702) (ScriptedImporter) -> (artifact id: 'ec0c341d4f8f52dccf490e17ffdfa5f4') in 0.0187364 seconds
Number of updated asset objects reloaded before import = 0Number of asset objects unloaded after import = 1

========================================================================
Received Import Request.
  Time since last request: 0.000039 seconds.
  path: Assets/KayKit_Adventurers_1.0_FREE/Assets/gltf/shield_spikes_color.bin
  artifactKey: Guid(bcbcd38b035a31a4db90b011111c3bb7) Importer(2089858483,192608db42251d675da83286b1cce702)
Start importing Assets/KayKit_Adventurers_1.0_FREE/Assets/gltf/shield_spikes_color.bin using Guid(bcbcd38b035a31a4db90b011111c3bb7) Importer(2089858483,192608db42251d675da83286b1cce702) (ScriptedImporter) -> (artifact id: '1e7f67ffeb87ff2e63252775eedbbcc6') in 0.0162292 seconds
Number of updated asset objects reloaded before import = 0Number of asset objects unloaded after import = 1

========================================================================
Received Import Request.
  Time since last request: 0.000067 seconds.
  path: Assets/KayKit_Adventurers_1.0_FREE
  artifactKey: Guid(3b1b5f8f3d0cb134f9fd113c18045fa2) Importer(815301076,1909f56bfc062723c751e8b465ee728b)
Start importing Assets/KayKit_Adventurers_1.0_FREE using Guid(3b1b5f8f3d0cb134f9fd113c18045fa2) Importer(815301076,1909f56bfc062723c751e8b465ee728b) (PreviewImporter) -> (artifact id: '521e1be183fd53d1484d7d71d63972e0') in 0.0016819 seconds
Number of updated asset objects reloaded before import = 0Number of asset objects unloaded after import = 0

========================================================================
Received Import Request.
  Time since last request: 0.000036 seconds.
  path: Assets/KayKit_Adventurers_1.0_FREE/Assets/gltf/shield_round_color.gltf
  artifactKey: Guid(508d7101aad4a514c988bacb41c7faca) Importer(2089858483,192608db42251d675da83286b1cce702)
Start importing Assets/KayKit_Adventurers_1.0_FREE/Assets/gltf/shield_round_color.gltf using Guid(508d7101aad4a514c988bacb41c7faca) Importer(2089858483,192608db42251d675da83286b1cce702) (ScriptedImporter) -> (artifact id: '9be99d361c43eb63d2ba0706cb72e763') in 0.0189541 seconds
Number of updated asset objects reloaded before import = 0Number of asset objects unloaded after import = 1

========================================================================
Received Import Request.
  Time since last request: 0.000043 seconds.
  path: Assets/KayKit_Adventurers_1.0_FREE/Assets/fbx/barbarian_texture.png
  artifactKey: Guid(8535425ea8640ae4082d363ca5a30248) Importer(2089858483,192608db42251d675da83286b1cce702)
Start importing Assets/KayKit_Adventurers_1.0_FREE/Assets/fbx/barbarian_texture.png using Guid(8535425ea8640ae4082d363ca5a30248) Importer(2089858483,192608db42251d675da83286b1cce702) (ScriptedImporter) -> (artifact id: 'cb8d77a647d316659177b73c2ff7a4ac') in 0.0510099 seconds
Number of updated asset objects reloaded before import = 0Number of asset objects unloaded after import = 1

========================================================================
Received Import Request.
  Time since last request: 0.000045 seconds.
  path: Assets/KayKit_Adventurers_1.0_FREE/Textures/knight_texture.png
  artifactKey: Guid(cc146ad139b65a140b7d27de9a4c2262) Importer(2089858483,192608db42251d675da83286b1cce702)
Start importing Assets/KayKit_Adventurers_1.0_FREE/Textures/knight_texture.png using Guid(cc146ad139b65a140b7d27de9a4c2262) Importer(2089858483,192608db42251d675da83286b1cce702) (ScriptedImporter) -> (artifact id: '01a402d54c3353f13f290ad146c59fc4') in 0.0521624 seconds
Number of updated asset objects reloaded before import = 0Number of asset objects unloaded after import = 1

========================================================================
Received Import Request.
  Time since last request: 0.000041 seconds.
  path: Assets/KayKit_Adventurers_1.0_FREE/Assets/fbx/sword_2handed.fbx
  artifactKey: Guid(5b056400a2642074da0ecaaa44ff36fb) Importer(2089858483,192608db42251d675da83286b1cce702)
Start importing Assets/KayKit_Adventurers_1.0_FREE/Assets/fbx/sword_2handed.fbx using Guid(5b056400a2642074da0ecaaa44ff36fb) Importer(2089858483,192608db42251d675da83286b1cce702) (ScriptedImporter) -> (artifact id: 'f3a99efee4bea44b001f67bf17208e38') in 0.0540515 seconds
Number of updated asset objects reloaded before import = 0Number of asset objects unloaded after import = 9

========================================================================
Received Import Request.
  Time since last request: 0.000021 seconds.
  path: Assets/KayKit_Adventurers_1.0_FREE/Assets/fbx/shield_spikes_color.fbx
  artifactKey: Guid(816a8cba7a4e3ca4fafb9e93be3e25d8) Importer(2089858483,192608db42251d675da83286b1cce702)
Start importing Assets/KayKit_Adventurers_1.0_FREE/Assets/fbx/shield_spikes_color.fbx using Guid(816a8cba7a4e3ca4fafb9e93be3e25d8) Importer(2089858483,192608db42251d675da83286b1cce702) (ScriptedImporter) -> (artifact id: '24a1013e109c0cadba7976d26b94fbf7') in 0.0565844 seconds
Number of updated asset objects reloaded before import = 0Number of asset objects unloaded after import = 9

========================================================================
Received Import Request.
  Time since last request: 0.000032 seconds.
  path: Assets/KayKit_Adventurers_1.0_FREE/Assets/gltf/barbarian_texture.png
  artifactKey: Guid(878b5aed3255a4b4ca7b5a4b0f244950) Importer(2089858483,192608db42251d675da83286b1cce702)
Start importing Assets/KayKit_Adventurers_1.0_FREE/Assets/gltf/barbarian_texture.png using Guid(878b5aed3255a4b4ca7b5a4b0f244950) Importer(2089858483,192608db42251d675da83286b1cce702) (ScriptedImporter) -> (artifact id: 'ca5ed5180c8ff9bb06bf80fb14562913') in 0.0443742 seconds
Number of updated asset objects reloaded before import = 0Number of asset objects unloaded after import = 1

========================================================================
Received Import Request.
  Time since last request: 0.000030 seconds.
  path: Assets/KayKit_Adventurers_1.0_FREE/Assets/fbx/axe_2handed.fbx
  artifactKey: Guid(686aa91c098f34c46a92b7e3930cc223) Importer(2089858483,192608db42251d675da83286b1cce702)
Start importing Assets/KayKit_Adventurers_1.0_FREE/Assets/fbx/axe_2handed.fbx using Guid(686aa91c098f34c46a92b7e3930cc223) Importer(2089858483,192608db42251d675da83286b1cce702) (ScriptedImporter) -> (artifact id: '3291db460323d19c7afb97405cf8ae26') in 0.0581151 seconds
Number of updated asset objects reloaded before import = 0Number of asset objects unloaded after import = 9

========================================================================
Received Import Request.
  Time since last request: 0.000098 seconds.
  path: Assets/KayKit_Adventurers_1.0_FREE/Assets/gltf/sword_1handed.gltf
  artifactKey: Guid(c16b146f5322ae745a369641043b91f0) Importer(2089858483,192608db42251d675da83286b1cce702)
Start importing Assets/KayKit_Adventurers_1.0_FREE/Assets/gltf/sword_1handed.gltf using Guid(c16b146f5322ae745a369641043b91f0) Importer(2089858483,192608db42251d675da83286b1cce702) (ScriptedImporter) -> (artifact id: '8806fcd353e8b6d1acf26ab7caf0fced') in 0.0173 seconds
Number of updated asset objects reloaded before import = 0Number of asset objects unloaded after import = 1

========================================================================
Received Import Request.
  Time since last request: 0.000028 seconds.
  path: Assets/KayKit_Adventurers_1.0_FREE/Assets/gltf/arrow_bundle.bin
  artifactKey: Guid(53a616aca2468144c9c9ecbdc297f4d4) Importer(2089858483,192608db42251d675da83286b1cce702)
Start importing Assets/KayKit_Adventurers_1.0_FREE/Assets/gltf/arrow_bundle.bin using Guid(53a616aca2468144c9c9ecbdc297f4d4) Importer(2089858483,192608db42251d675da83286b1cce702) (ScriptedImporter) -> (artifact id: 'd8d4009056a665586b934b6717e5f7cf') in 0.0179058 seconds
Number of updated asset objects reloaded before import = 0Number of asset objects unloaded after import = 1

========================================================================
Received Import Request.
  Time since last request: 0.000031 seconds.
  path: Assets/KayKit_Adventurers_1.0_FREE/Assets/gltf/spellbook_closed.bin
  artifactKey: Guid(18d34034c7d477a4bbe289b575d1d24d) Importer(2089858483,192608db42251d675da83286b1cce702)
Start importing Assets/KayKit_Adventurers_1.0_FREE/Assets/gltf/spellbook_closed.bin using Guid(18d34034c7d477a4bbe289b575d1d24d) Importer(2089858483,192608db42251d675da83286b1cce702) (ScriptedImporter) -> (artifact id: '9825de0351571889d5b7c6ca9ac047d9') in 0.0174135 seconds
Number of updated asset objects reloaded before import = 0Number of asset objects unloaded after import = 1

========================================================================
Received Import Request.
  Time since last request: 0.000056 seconds.
  path: Assets/KayKit_Adventurers_1.0_FREE/Characters/gltf/mage_texture.png
  artifactKey: Guid(fcd5ede2e6be64a4693ee71697f7e37e) Importer(2089858483,192608db42251d675da83286b1cce702)
Start importing Assets/KayKit_Adventurers_1.0_FREE/Characters/gltf/mage_texture.png using Guid(fcd5ede2e6be64a4693ee71697f7e37e) Importer(2089858483,192608db42251d675da83286b1cce702) (ScriptedImporter) -> (artifact id: 'e66b231c83ff88d6e7fc4eb553a5017c') in 0.041181 seconds
Number of updated asset objects reloaded before import = 0Number of asset objects unloaded after import = 1

========================================================================
Received Import Request.
  Time since last request: 0.000037 seconds.
  path: Assets/KayKit_Adventurers_1.0_FREE/Characters/gltf/Mage.glb
  artifactKey: Guid(3cf7d671c13dda746b3cb5cf7902d717) Importer(2089858483,192608db42251d675da83286b1cce702)
Start importing Assets/KayKit_Adventurers_1.0_FREE/Characters/gltf/Mage.glb using Guid(3cf7d671c13dda746b3cb5cf7902d717) Importer(2089858483,192608db42251d675da83286b1cce702) (ScriptedImporter) -> (artifact id: 'df383235961e6b9341ac6fa28d9934be') in 0.0170683 seconds
Number of updated asset objects reloaded before import = 0Number of asset objects unloaded after import = 1

========================================================================
Received Import Request.
  Time since last request: 0.000035 seconds.
  path: Assets/KayKit_Adventurers_1.0_FREE/Assets/gltf/shield_badge.gltf
  artifactKey: Guid(0e4ec9c074b6eeb4b88dfcfa46d8f6bf) Importer(2089858483,192608db42251d675da83286b1cce702)
Start importing Assets/KayKit_Adventurers_1.0_FREE/Assets/gltf/shield_badge.gltf using Guid(0e4ec9c074b6eeb4b88dfcfa46d8f6bf) Importer(2089858483,192608db42251d675da83286b1cce702) (ScriptedImporter) -> (artifact id: 'f798035af222aa2b27ddcee15695bb8d') in 0.0255855 seconds
Number of updated asset objects reloaded before import = 0Number of asset objects unloaded after import = 1

========================================================================
Received Import Request.
  Time since last request: 0.000035 seconds.
  path: Assets/KayKit_Adventurers_1.0_FREE/Assets/gltf/axe_2handed.gltf
  artifactKey: Guid(3416f0f7489c2594bad3b60a50fa8085) Importer(2089858483,192608db42251d675da83286b1cce702)
Start importing Assets/KayKit_Adventurers_1.0_FREE/Assets/gltf/axe_2handed.gltf using Guid(3416f0f7489c2594bad3b60a50fa8085) Importer(2089858483,192608db42251d675da83286b1cce702) (ScriptedImporter) -> (artifact id: '069cddc04cb52b110fe8bf9f0151a98c') in 0.0239166 seconds
Number of updated asset objects reloaded before import = 0Number of asset objects unloaded after import = 1

========================================================================
Received Import Request.
  Time since last request: 0.000044 seconds.
  path: Assets/KayKit_Adventurers_1.0_FREE/Assets/gltf/shield_spikes.gltf
  artifactKey: Guid(1fe63ded40eca5446915db1168bc0e94) Importer(2089858483,192608db42251d675da83286b1cce702)
Start importing Assets/KayKit_Adventurers_1.0_FREE/Assets/gltf/shield_spikes.gltf using Guid(1fe63ded40eca5446915db1168bc0e94) Importer(2089858483,192608db42251d675da83286b1cce702) (ScriptedImporter) -> (artifact id: '30286f2a5eabbf2b15d804670fca7aff') in 0.0249982 seconds
Number of updated asset objects reloaded before import = 0Number of asset objects unloaded after import = 1

========================================================================
Received Import Request.
  Time since last request: 0.000048 seconds.
  path: Assets/KayKit_Adventurers_1.0_FREE/Assets/fbx/shield_round_barbarian.fbx
  artifactKey: Guid(0195fea14ae0920439096b51823c0925) Importer(2089858483,192608db42251d675da83286b1cce702)
Start importing Assets/KayKit_Adventurers_1.0_FREE/Assets/fbx/shield_round_barbarian.fbx using Guid(0195fea14ae0920439096b51823c0925) Importer(2089858483,192608db42251d675da83286b1cce702) (ScriptedImporter) -> (artifact id: 'ef1148755695ab2a5151f3b00cdac9e5') in 0.0607956 seconds
Number of updated asset objects reloaded before import = 0Number of asset objects unloaded after import = 9

========================================================================
Received Import Request.
  Time since last request: 0.000034 seconds.
  path: Assets/KayKit_Adventurers_1.0_FREE/Assets/fbx/shield_square.fbx
  artifactKey: Guid(e7cf1ecd7e45bb9438e52f2e7d3a24c7) Importer(2089858483,192608db42251d675da83286b1cce702)
Start importing Assets/KayKit_Adventurers_1.0_FREE/Assets/fbx/shield_square.fbx using Guid(e7cf1ecd7e45bb9438e52f2e7d3a24c7) Importer(2089858483,192608db42251d675da83286b1cce702) (ScriptedImporter) -> (artifact id: '963fa97c5f7a6224c92179f9af3b039d') in 0.0581104 seconds
Number of updated asset objects reloaded before import = 0Number of asset objects unloaded after import = 9

========================================================================
Received Import Request.
  Time since last request: 0.000025 seconds.
  path: Assets/KayKit_Adventurers_1.0_FREE/Assets/gltf/spellbook_open.gltf
  artifactKey: Guid(50846c5c487938c4784dc792585cbdcf) Importer(2089858483,192608db42251d675da83286b1cce702)
Start importing Assets/KayKit_Adventurers_1.0_FREE/Assets/gltf/spellbook_open.gltf using Guid(50846c5c487938c4784dc792585cbdcf) Importer(2089858483,192608db42251d675da83286b1cce702) (ScriptedImporter) -> (artifact id: '85463a2d1d0c3fc2eaaafbf1e0a64700') in 0.0169091 seconds
Number of updated asset objects reloaded before import = 0Number of asset objects unloaded after import = 1

========================================================================
Received Import Request.
  Time since last request: 0.000041 seconds.
  path: Assets/KayKit_Adventurers_1.0_FREE
  artifactKey: Guid(3b1b5f8f3d0cb134f9fd113c18045fa2) Importer(2089858483,192608db42251d675da83286b1cce702)
Start importing Assets/KayKit_Adventurers_1.0_FREE using Guid(3b1b5f8f3d0cb134f9fd113c18045fa2) Importer(2089858483,192608db42251d675da83286b1cce702) (ScriptedImporter) -> (artifact id: 'e96d82c0ad733bcadb5ea3b9b202da1c') in 0.0243173 seconds
Number of updated asset objects reloaded before import = 0Number of asset objects unloaded after import = 1

========================================================================
Received Import Request.
  Time since last request: 0.000036 seconds.
  path: Assets/KayKit_Adventurers_1.0_FREE/Assets/fbx/knight_texture.png
  artifactKey: Guid(5db838cb70be0794e944a6558db09f4b) Importer(2089858483,192608db42251d675da83286b1cce702)
Start importing Assets/KayKit_Adventurers_1.0_FREE/Assets/fbx/knight_texture.png using Guid(5db838cb70be0794e944a6558db09f4b) Importer(2089858483,192608db42251d675da83286b1cce702) (ScriptedImporter) -> (artifact id: 'a2d6a341ecfded496ce4ce7be1f63a36') in 0.0465747 seconds
Number of updated asset objects reloaded before import = 0Number of asset objects unloaded after import = 1

========================================================================
Received Import Request.
  Time since last request: 0.000029 seconds.
  path: Assets/KayKit_Adventurers_1.0_FREE/Assets/fbx/staff.fbx
  artifactKey: Guid(e74eff1c7fe95c24b99553d191ba48e1) Importer(2089858483,192608db42251d675da83286b1cce702)
Start importing Assets/KayKit_Adventurers_1.0_FREE/Assets/fbx/staff.fbx using Guid(e74eff1c7fe95c24b99553d191ba48e1) Importer(2089858483,192608db42251d675da83286b1cce702) (ScriptedImporter) -> (artifact id: 'b5cf1c893eb5359f96cd164b3ed24f0e') in 0.0610145 seconds
Number of updated asset objects reloaded before import = 0Number of asset objects unloaded after import = 9

Editor requested this worker to shutdown with reason: Scaling down because of idle timeout
AssetImportWorker is now disconnected from the server
Process exiting
Exiting without the bug reporter. Application will terminate with return code 0