Using pre-set license
Built from '6000.0/staging' branch; Version is '6000.0.23f1 (1c4764c07fb4) revision 1853284'; Using compiler version '193933523'; Build Type 'Release'
OS: 'Windows 11  (10.0.22631) 64bit Core' Language: 'en' Physical Memory: 15791 MB
BatchMode: 1, IsHumanControllingUs: 0, StartBugReporterOnCrash: 0, Is64bit: 1, IsPro: 1

COMMAND LINE ARGUMENTS:
C:\Program Files\Unity\Hub\Editor\6000.0.23f1\Editor\Unity.exe
-adb2
-batchMode
-noUpm
-name
AssetImportWorker5
-projectPath
C:/Users/Mike/Unity/SolidPrinciples
-logFile
Logs/AssetImportWorker5.log
-srvPort
50466
-job-worker-count
7
-background-job-worker-count
8
-asset-garbage-collectors
1
Successfully changed project path to: C:/Users/Mike/Unity/SolidPrinciples
C:/Users/Mike/Unity/SolidPrinciples
[UnityMemory] Configuration Parameters - Can be set up in boot.config
    "memorysetup-bucket-allocator-granularity=16"
    "memorysetup-bucket-allocator-bucket-count=8"
    "memorysetup-bucket-allocator-block-size=33554432"
    "memorysetup-bucket-allocator-block-count=8"
    "memorysetup-main-allocator-block-size=16777216"
    "memorysetup-thread-allocator-block-size=16777216"
    "memorysetup-gfx-main-allocator-block-size=16777216"
    "memorysetup-gfx-thread-allocator-block-size=16777216"
    "memorysetup-cache-allocator-block-size=4194304"
    "memorysetup-typetree-allocator-block-size=2097152"
    "memorysetup-profiler-bucket-allocator-granularity=16"
    "memorysetup-profiler-bucket-allocator-bucket-count=8"
    "memorysetup-profiler-bucket-allocator-block-size=33554432"
    "memorysetup-profiler-bucket-allocator-block-count=8"
    "memorysetup-profiler-allocator-block-size=16777216"
    "memorysetup-profiler-editor-allocator-block-size=1048576"
    "memorysetup-temp-allocator-size-main=16777216"
    "memorysetup-job-temp-allocator-block-size=2097152"
    "memorysetup-job-temp-allocator-block-size-background=1048576"
    "memorysetup-job-temp-allocator-reduction-small-platforms=262144"
    "memorysetup-allocator-temp-initial-block-size-main=262144"
    "memorysetup-allocator-temp-initial-block-size-worker=262144"
    "memorysetup-temp-allocator-size-background-worker=32768"
    "memorysetup-temp-allocator-size-job-worker=262144"
    "memorysetup-temp-allocator-size-preload-manager=33554432"
    "memorysetup-temp-allocator-size-nav-mesh-worker=65536"
    "memorysetup-temp-allocator-size-audio-worker=65536"
    "memorysetup-temp-allocator-size-cloud-worker=32768"
    "memorysetup-temp-allocator-size-gi-baking-worker=262144"
    "memorysetup-temp-allocator-size-gi-baking-worker=262144"
    "memorysetup-temp-allocator-size-gi-baking-worker=262144"
    "memorysetup-temp-allocator-size-gi-baking-worker=262144"
    "memorysetup-temp-allocator-size-gi-baking-worker=262144"
    "memorysetup-temp-allocator-size-gfx=262144"
Player connection [23000]  Target information:

Player connection [23000]  * "[IP] 192.168.1.204 [Port] 0 [Flags] 2 [Guid] 2227970987 [EditorId] 2227970987 [Version] 1048832 [Id] WindowsEditor(7,LaptopMike) [Debug] 1 [PackageName] WindowsEditor [ProjectName] Editor" 

Player connection [23000] Host joined multi-casting on [225.0.0.222:54997]...
Player connection [23000] Host joined alternative multi-casting on [225.0.0.222:34997]...
JobSystem: Creating JobQueue using job-worker-count value 7
[Physics::Module] Initialized fallback backend.
[Physics::Module] Id: 0xdecafbad
Library Redirect Path: Library/
[Physics::Module] Selected backend.
[Physics::Module] Name: PhysX
[Physics::Module] Id: 0xf2b8ea05
[Physics::Module] SDK Version: 4.1.2
[Physics::Module] Integration Version: 1.0.0
[Physics::Module] Threading Mode: Multi-Threaded
Refreshing native plugins compatible for Editor in 7.74 ms, found 3 plugins.
Preloading 0 native plugins for Editor in 0.00 ms.
Initialize engine version: 6000.0.23f1 (1c4764c07fb4)
[Subsystems] Discovering subsystems at path C:/Program Files/Unity/Hub/Editor/6000.0.23f1/Editor/Data/Resources/UnitySubsystems
[Subsystems] Discovering subsystems at path C:/Users/Mike/Unity/SolidPrinciples/Assets
GfxDevice: creating device client; kGfxThreadingModeNonThreaded
Direct3D:
    Version:  Direct3D 11.0 [level 11.1]
    Renderer: NVIDIA GeForce RTX 3050 Laptop GPU (ID=0x25a2)
    Vendor:   NVIDIA
    VRAM:     3964 MB
    Driver:   32.0.15.6614
Initialize mono
Mono path[0] = 'C:/Program Files/Unity/Hub/Editor/6000.0.23f1/Editor/Data/Managed'
Mono path[1] = 'C:/Program Files/Unity/Hub/Editor/6000.0.23f1/Editor/Data/MonoBleedingEdge/lib/mono/unityjit-win32'
Mono config path = 'C:/Program Files/Unity/Hub/Editor/6000.0.23f1/Editor/Data/MonoBleedingEdge/etc'
Using monoOptions --debugger-agent=transport=dt_socket,embedding=1,server=y,suspend=n,address=127.0.0.1:56572
Begin MonoManager ReloadAssembly
Registering precompiled unity dll's ...
Register platform support module: C:/Program Files/Unity/Hub/Editor/6000.0.23f1/Editor/Data/PlaybackEngines/WindowsStandaloneSupport/UnityEditor.WindowsStandalone.Extensions.dll
Registered in 0.005441 seconds.
- Loaded All Assemblies, in  1.505 seconds
Native extension for WindowsStandalone target not found
Mono: successfully reloaded assembly
- Finished resetting the current domain, in  2.000 seconds
Domain Reload Profiling: 3499ms
	BeginReloadAssembly (695ms)
		ExecutionOrderSort (0ms)
		DisableScriptedObjects (0ms)
		BackupInstance (0ms)
		ReleaseScriptingObjects (0ms)
		CreateAndSetChildDomain (3ms)
	RebuildCommonClasses (114ms)
	RebuildNativeTypeToScriptingClass (25ms)
	initialDomainReloadingComplete (142ms)
	LoadAllAssembliesAndSetupDomain (521ms)
		LoadAssemblies (674ms)
		RebuildTransferFunctionScriptingTraits (0ms)
		AnalyzeDomain (511ms)
			TypeCache.Refresh (507ms)
				TypeCache.ScanAssembly (463ms)
			BuildScriptInfoCaches (0ms)
			ResolveRequiredComponents (1ms)
	FinalizeReload (2001ms)
		ReleaseScriptCaches (0ms)
		RebuildScriptCaches (0ms)
		SetupLoadedEditorAssemblies (1800ms)
			LogAssemblyErrors (0ms)
			InitializePlatformSupportModulesInManaged (141ms)
			SetLoadedEditorAssemblies (19ms)
			BeforeProcessingInitializeOnLoad (26ms)
			ProcessInitializeOnLoadAttributes (1416ms)
			ProcessInitializeOnLoadMethodAttributes (189ms)
			AfterProcessingInitializeOnLoad (8ms)
			EditorAssembliesLoaded (0ms)
		ExecutionOrderSort2 (0ms)
		AwakeInstancesAfterBackupRestoration (0ms)
========================================================================
Worker process is ready to serve import requests
Import Worker Mode flag is 0x00
Begin MonoManager ReloadAssembly
- Loaded All Assemblies, in 22.871 seconds
Refreshing native plugins compatible for Editor in 2.79 ms, found 3 plugins.
Native extension for WindowsStandalone target not found
Mono: successfully reloaded assembly
- Finished resetting the current domain, in  4.280 seconds
Domain Reload Profiling: 27135ms
	BeginReloadAssembly (2032ms)
		ExecutionOrderSort (0ms)
		DisableScriptedObjects (16ms)
		BackupInstance (0ms)
		ReleaseScriptingObjects (0ms)
		CreateAndSetChildDomain (106ms)
	RebuildCommonClasses (175ms)
	RebuildNativeTypeToScriptingClass (28ms)
	initialDomainReloadingComplete (138ms)
	LoadAllAssembliesAndSetupDomain (20481ms)
		LoadAssemblies (11737ms)
		RebuildTransferFunctionScriptingTraits (0ms)
		AnalyzeDomain (9303ms)
			TypeCache.Refresh (9068ms)
				TypeCache.ScanAssembly (8987ms)
			BuildScriptInfoCaches (189ms)
			ResolveRequiredComponents (36ms)
	FinalizeReload (4281ms)
		ReleaseScriptCaches (0ms)
		RebuildScriptCaches (0ms)
		SetupLoadedEditorAssemblies (3333ms)
			LogAssemblyErrors (0ms)
			InitializePlatformSupportModulesInManaged (6ms)
			SetLoadedEditorAssemblies (35ms)
			BeforeProcessingInitializeOnLoad (1233ms)
			ProcessInitializeOnLoadAttributes (1626ms)
			ProcessInitializeOnLoadMethodAttributes (398ms)
			AfterProcessingInitializeOnLoad (34ms)
			EditorAssembliesLoaded (1ms)
		ExecutionOrderSort2 (0ms)
		AwakeInstancesAfterBackupRestoration (16ms)
Launched and connected shader compiler UnityShaderCompiler.exe after 0.07 seconds
Refreshing native plugins compatible for Editor in 5.45 ms, found 3 plugins.
Preloading 0 native plugins for Editor in 0.00 ms.
Unloading 215 Unused Serialized files (Serialized files now loaded: 0)
Unloading 5936 unused Assets / (5.5 MB). Loaded Objects now: 6724.
Memory consumption went from 187.2 MB to 181.7 MB.
Total: 83.615300 ms (FindLiveObjects: 4.427800 ms CreateObjectMapping: 6.774100 ms MarkObjects: 58.856000 ms  DeleteObjects: 13.549500 ms)

========================================================================
Received Import Request.
  Time since last request: 7717.111108 seconds.
  path: Assets/Necromanser/Animations/Necromancer@roar.fbx
  artifactKey: Guid(a71beea6e6b42ec4da169a9bb4ab1a09) Importer(2089858483,192608db42251d675da83286b1cce702)
Start importing Assets/Necromanser/Animations/Necromancer@roar.fbx using Guid(a71beea6e6b42ec4da169a9bb4ab1a09) Importer(2089858483,192608db42251d675da83286b1cce702) (ScriptedImporter) -> (artifact id: '387e70e1e5e93b380ce3a2fe9fc7c6a1') in 4.0856347 seconds
Number of updated asset objects reloaded before import = 0Number of asset objects unloaded after import = 1157

========================================================================
Received Import Request.
  Time since last request: 0.004112 seconds.
  path: Assets/Orkassasin/Texture/1_Shoulders_Metallic.tga
  artifactKey: Guid(00c4ce5aa9a7ad4468c5ce55234a41bc) Importer(2089858483,192608db42251d675da83286b1cce702)
Start importing Assets/Orkassasin/Texture/1_Shoulders_Metallic.tga using Guid(00c4ce5aa9a7ad4468c5ce55234a41bc) Importer(2089858483,192608db42251d675da83286b1cce702) (ScriptedImporter) -> (artifact id: '0f68a05751bbefdb41dca6d26380ad55') in 0.9028633 seconds
Number of updated asset objects reloaded before import = 0Number of asset objects unloaded after import = 1

========================================================================
Received Import Request.
  Time since last request: 0.000100 seconds.
  path: Assets/Crusader tank/Materials
  artifactKey: Guid(c27b5e744e6239847bafa07963fd92f2) Importer(2089858483,192608db42251d675da83286b1cce702)
Start importing Assets/Crusader tank/Materials using Guid(c27b5e744e6239847bafa07963fd92f2) Importer(2089858483,192608db42251d675da83286b1cce702) (ScriptedImporter) -> (artifact id: '2368f90e466c366e6ba198914b5d6247') in 0.1084585 seconds
Number of updated asset objects reloaded before import = 0Number of asset objects unloaded after import = 1

========================================================================
Received Import Request.
  Time since last request: 0.000058 seconds.
  path: Assets/Crusader tank/animation/Materials
  artifactKey: Guid(f7a0c22a302c2f24ca3d4f451f871a9c) Importer(2089858483,192608db42251d675da83286b1cce702)
Start importing Assets/Crusader tank/animation/Materials using Guid(f7a0c22a302c2f24ca3d4f451f871a9c) Importer(2089858483,192608db42251d675da83286b1cce702) (ScriptedImporter) -> (artifact id: '8c0d63b331080f7784b9c62bfe91790e') in 0.0548971 seconds
Number of updated asset objects reloaded before import = 0Number of asset objects unloaded after import = 1

========================================================================
Received Import Request.
  Time since last request: 0.000197 seconds.
  path: Assets/Crusader tank/texture/Crusader tank_weapon_Albedo.tga
  artifactKey: Guid(6547a75becacebc4fb1b31707088717a) Importer(2089858483,192608db42251d675da83286b1cce702)
Start importing Assets/Crusader tank/texture/Crusader tank_weapon_Albedo.tga using Guid(6547a75becacebc4fb1b31707088717a) Importer(2089858483,192608db42251d675da83286b1cce702) (ScriptedImporter) -> (artifact id: '5a1bb792c44cd0569c7bbbe283262fe2') in 0.3299998 seconds
Number of updated asset objects reloaded before import = 0Number of asset objects unloaded after import = 1

========================================================================
Received Import Request.
  Time since last request: 0.000097 seconds.
  path: Assets/Orkassasin
  artifactKey: Guid(13208553468cac6459a6b16a5f84f166) Importer(2089858483,192608db42251d675da83286b1cce702)
Start importing Assets/Orkassasin using Guid(13208553468cac6459a6b16a5f84f166) Importer(2089858483,192608db42251d675da83286b1cce702) (ScriptedImporter) -> (artifact id: '442c2b5619eab7bd689f02de5f6f0197') in 0.1428513 seconds
Number of updated asset objects reloaded before import = 0Number of asset objects unloaded after import = 1

========================================================================
Received Import Request.
  Time since last request: 0.000080 seconds.
  path: Assets/Crusader tank
  artifactKey: Guid(523c8c85423e03f4cb20a942c97a31df) Importer(2089858483,192608db42251d675da83286b1cce702)
Start importing Assets/Crusader tank using Guid(523c8c85423e03f4cb20a942c97a31df) Importer(2089858483,192608db42251d675da83286b1cce702) (ScriptedImporter) -> (artifact id: '81dcee5dbf68b91109f8bb96d97847de') in 0.1036531 seconds
Number of updated asset objects reloaded before import = 0Number of asset objects unloaded after import = 1

========================================================================
Received Import Request.
  Time since last request: 0.000084 seconds.
  path: Assets/Crusader tank/animation/crusadershield@atack2.fbx
  artifactKey: Guid(162d138920f2ead48885d479f998ab69) Importer(2089858483,192608db42251d675da83286b1cce702)
Start importing Assets/Crusader tank/animation/crusadershield@atack2.fbx using Guid(162d138920f2ead48885d479f998ab69) Importer(2089858483,192608db42251d675da83286b1cce702) (ScriptedImporter) -> (artifact id: 'a8992736c62ab179c3d57c949741459f') in 0.6232737 seconds
Number of updated asset objects reloaded before import = 0Number of asset objects unloaded after import = 549

========================================================================
Received Import Request.
  Time since last request: 0.000114 seconds.
  path: Assets/Scripts/2_ObserverPattern/ISubject.cs
  artifactKey: Guid(93b01c677d5b6224fb1b469f45131092) Importer(2089858483,192608db42251d675da83286b1cce702)
Start importing Assets/Scripts/2_ObserverPattern/ISubject.cs using Guid(93b01c677d5b6224fb1b469f45131092) Importer(2089858483,192608db42251d675da83286b1cce702) (ScriptedImporter) -> (artifact id: '7be6c6235ac01742fc601ec758cc7d97') in 0.0439828 seconds
Number of updated asset objects reloaded before import = 0Number of asset objects unloaded after import = 0

========================================================================
Received Import Request.
  Time since last request: 0.000089 seconds.
  path: Assets/Orkassasin/Animation/orkassasin@atack6.fbx
  artifactKey: Guid(7c43f418ea3514947993035832e57768) Importer(2089858483,192608db42251d675da83286b1cce702)
Start importing Assets/Orkassasin/Animation/orkassasin@atack6.fbx using Guid(7c43f418ea3514947993035832e57768) Importer(2089858483,192608db42251d675da83286b1cce702) (ScriptedImporter) -> (artifact id: '779249357e3538900625234e6625ef73') in 0.3856611 seconds
Number of updated asset objects reloaded before import = 0Number of asset objects unloaded after import = 477

========================================================================
Received Import Request.
  Time since last request: 0.000058 seconds.
  path: Assets/Crusader tank/texture
  artifactKey: Guid(79bfd96626281814284d0397431f6650) Importer(2089858483,192608db42251d675da83286b1cce702)
Start importing Assets/Crusader tank/texture using Guid(79bfd96626281814284d0397431f6650) Importer(2089858483,192608db42251d675da83286b1cce702) (ScriptedImporter) -> (artifact id: '0d7f37b4d1b46c4356dae62bae701f52') in 0.0604091 seconds
Number of updated asset objects reloaded before import = 0Number of asset objects unloaded after import = 1

========================================================================
Received Import Request.
  Time since last request: 0.000114 seconds.
  path: Assets/Scripts/2_ObserverPattern/ToggleGroupVisualizer.cs
  artifactKey: Guid(210052b563fa45e4e99fb1943564e3f5) Importer(2089858483,192608db42251d675da83286b1cce702)
Start importing Assets/Scripts/2_ObserverPattern/ToggleGroupVisualizer.cs using Guid(210052b563fa45e4e99fb1943564e3f5) Importer(2089858483,192608db42251d675da83286b1cce702) (ScriptedImporter) -> (artifact id: '31936ade73f556887893de0acfbe17d0') in 0.0581924 seconds
Number of updated asset objects reloaded before import = 0Number of asset objects unloaded after import = 0

========================================================================
Received Import Request.
  Time since last request: 0.000064 seconds.
  path: Assets/Scripts/3_StatePattern(CharacterSelection)/StateScene
  artifactKey: Guid(7fb1d16d28c1b63459b5564f84e58ae9) Importer(2089858483,192608db42251d675da83286b1cce702)
Start importing Assets/Scripts/3_StatePattern(CharacterSelection)/StateScene using Guid(7fb1d16d28c1b63459b5564f84e58ae9) Importer(2089858483,192608db42251d675da83286b1cce702) (ScriptedImporter) -> (artifact id: '4ee6444d3276c8b0c73d0ef13c321f60') in 0.08643 seconds
Number of updated asset objects reloaded before import = 0Number of asset objects unloaded after import = 1

========================================================================
Received Import Request.
  Time since last request: 0.000113 seconds.
  path: Assets/Scripts/3_StatePattern(CharacterSelection)/Materials/Blue.mat
  artifactKey: Guid(d17df3a2d54687c49a036d924618f4ed) Importer(2089858483,192608db42251d675da83286b1cce702)
Start importing Assets/Scripts/3_StatePattern(CharacterSelection)/Materials/Blue.mat using Guid(d17df3a2d54687c49a036d924618f4ed) Importer(2089858483,192608db42251d675da83286b1cce702) (ScriptedImporter) -> (artifact id: '5f41fd77fa55880adbb405a386768cc7') in 0.0660418 seconds
Number of updated asset objects reloaded before import = 0Number of asset objects unloaded after import = 1

========================================================================
Received Import Request.
  Time since last request: 0.000056 seconds.
  path: Assets/Crusader tank/prefab
  artifactKey: Guid(acf5e71d20fe8dd4f9055aab5ddcf15e) Importer(2089858483,192608db42251d675da83286b1cce702)
Start importing Assets/Crusader tank/prefab using Guid(acf5e71d20fe8dd4f9055aab5ddcf15e) Importer(2089858483,192608db42251d675da83286b1cce702) (ScriptedImporter) -> (artifact id: '41a5cbaa7cac2fa924385b98ed4da138') in 0.0735547 seconds
Number of updated asset objects reloaded before import = 0Number of asset objects unloaded after import = 1

========================================================================
Received Import Request.
  Time since last request: 0.000121 seconds.
  path: Assets/Crusader tank/animation/crusadershield@atack1.fbx
  artifactKey: Guid(03e2fe830425cd849a5a9e93acb7450e) Importer(2089858483,192608db42251d675da83286b1cce702)
Start importing Assets/Crusader tank/animation/crusadershield@atack1.fbx using Guid(03e2fe830425cd849a5a9e93acb7450e) Importer(2089858483,192608db42251d675da83286b1cce702) (ScriptedImporter) -> (artifact id: 'abb665e8ba6df60153360d15fd328d9d') in 0.217847 seconds
Number of updated asset objects reloaded before import = 0Number of asset objects unloaded after import = 549

========================================================================
Received Import Request.
  Time since last request: 26.997880 seconds.
  path: Assets/Orkassasin/Material/botleglass.mat
  artifactKey: Guid(2b65bd0b29dec2448a616d85d17f7e3d) Importer(2089858483,192608db42251d675da83286b1cce702)
Start importing Assets/Orkassasin/Material/botleglass.mat using Guid(2b65bd0b29dec2448a616d85d17f7e3d) Importer(2089858483,192608db42251d675da83286b1cce702) (ScriptedImporter) -> (artifact id: 'a6648888352d2e8969755d8413e361ac') in 0.1186819 seconds
Number of updated asset objects reloaded before import = 0Number of asset objects unloaded after import = 5

========================================================================
Received Import Request.
  Time since last request: 0.000034 seconds.
  path: Assets/Orkassasin/Material/weapon.mat
  artifactKey: Guid(88b3529452fa1dc47b16c2d0fb298458) Importer(2089858483,192608db42251d675da83286b1cce702)
Start importing Assets/Orkassasin/Material/weapon.mat using Guid(88b3529452fa1dc47b16c2d0fb298458) Importer(2089858483,192608db42251d675da83286b1cce702) (ScriptedImporter) -> (artifact id: 'd50332d385c748256292f17253ab850d') in 0.0674407 seconds
Number of updated asset objects reloaded before import = 0Number of asset objects unloaded after import = 5

Editor requested this worker to shutdown with reason: Scaling down because of idle timeout
AssetImportWorker is now disconnected from the server
Process exiting
Exiting without the bug reporter. Application will terminate with return code 0